2026-06-10 08:07:24,762 [INFO] telegram-bot: Radio AI Telegram bot ishga tushdi. MINI_APP_URL=https://orders-retired-aim-compiler.trycloudflare.com/index.html
2026-06-10 08:07:25,316 [INFO] httpx: HTTP Request: POST https://api.telegram.org/bot8858693463:AAEf2t1kWgBD6gv7-Nlm7si1HPABdRA9C-0/getMe "HTTP/1.1 200 OK"
2026-06-10 08:07:25,448 [INFO] httpx: HTTP Request: POST https://api.telegram.org/bot8858693463:AAEf2t1kWgBD6gv7-Nlm7si1HPABdRA9C-0/setChatMenuButton "HTTP/1.1 200 OK"
2026-06-10 08:07:25,448 [INFO] telegram-bot: Menu button WebApp ga sozlandi: https://orders-retired-aim-compiler.trycloudflare.com/index.html
2026-06-10 08:07:25,652 [INFO] httpx: HTTP Request: POST https://api.telegram.org/bot8858693463:AAEf2t1kWgBD6gv7-Nlm7si1HPABdRA9C-0/deleteWebhook "HTTP/1.1 200 OK"
2026-06-10 08:07:25,654 [INFO] telegram.ext.Application: Application started
2026-06-10 08:07:36,098 [INFO] httpx: HTTP Request: POST https://api.telegram.org/bot8858693463:AAEf2t1kWgBD6gv7-Nlm7si1HPABdRA9C-0/getUpdates "HTTP/1.1 200 OK"
2026-06-10 08:07:46,210 [INFO] httpx: HTTP Request: POST https://api.telegram.org/bot8858693463:AAEf2t1kWgBD6gv7-Nlm7si1HPABdRA9C-0/getUpdates "HTTP/1.1 200 OK"
2026-06-10 08:07:56,323 [INFO] httpx: HTTP Request: POST https://api.telegram.org/bot8858693463:AAEf2t1kWgBD6gv7-Nlm7si1HPABdRA9C-0/getUpdates "HTTP/1.1 200 OK"
2026-06-10 08:08:06,510 [INFO] httpx: HTTP Request: POST https://api.telegram.org/bot8858693463:AAEf2t1kWgBD6gv7-Nlm7si1HPABdRA9C-0/getUpdates "HTTP/1.1 200 OK"
2026-06-10 08:08:16,651 [INFO] httpx: HTTP Request: POST https://api.telegram.org/bot8858693463:AAEf2t1kWgBD6gv7-Nlm7si1HPABdRA9C-0/getUpdates "HTTP/1.1 200 OK"
2026-06-10 08:08:26,801 [INFO] httpx: HTTP Request: POST https://api.telegram.org/bot8858693463:AAEf2t1kWgBD6gv7-Nlm7si1HPABdRA9C-0/getUpdates "HTTP/1.1 200 OK"
2026-06-10 08:08:36,926 [INFO] httpx: HTTP Request: POST https://api.telegram.org/bot8858693463:AAEf2t1kWgBD6gv7-Nlm7si1HPABdRA9C-0/getUpdates "HTTP/1.1 200 OK"
2026-06-10 08:08:47,046 [INFO] httpx: HTTP Request: POST https://api.telegram.org/bot8858693463:AAEf2t1kWgBD6gv7-Nlm7si1HPABdRA9C-0/getUpdates "HTTP/1.1 200 OK"
2026-06-10 08:08:57,200 [INFO] httpx: HTTP Request: POST https://api.telegram.org/bot8858693463:AAEf2t1kWgBD6gv7-Nlm7si1HPABdRA9C-0/getUpdates "HTTP/1.1 200 OK"
2026-06-10 08:09:07,339 [INFO] httpx: HTTP Request: POST https://api.telegram.org/bot8858693463:AAEf2t1kWgBD6gv7-Nlm7si1HPABdRA9C-0/getUpdates "HTTP/1.1 200 OK"
2026-06-10 08:09:17,477 [INFO] httpx: HTTP Request: POST https://api.telegram.org/bot8858693463:AAEf2t1kWgBD6gv7-Nlm7si1HPABdRA9C-0/getUpdates "HTTP/1.1 200 OK"
2026-06-10 08:09:27,601 [INFO] httpx: HTTP Request: POST https://api.telegram.org/bot8858693463:AAEf2t1kWgBD6gv7-Nlm7si1HPABdRA9C-0/getUpdates "HTTP/1.1 200 OK"
2026-06-10 08:09:27,909 [INFO] httpx: HTTP Request: POST https://api.telegram.org/bot8858693463:AAEf2t1kWgBD6gv7-Nlm7si1HPABdRA9C-0/getUpdates "HTTP/1.1 200 OK"
2026-06-10 08:09:28,346 [INFO] httpx: HTTP Request: POST https://api.telegram.org/bot8858693463:AAEf2t1kWgBD6gv7-Nlm7si1HPABdRA9C-0/sendMessage "HTTP/1.1 200 OK"
2026-06-10 08:09:33,874 [INFO] httpx: HTTP Request: POST https://api.telegram.org/bot8858693463:AAEf2t1kWgBD6gv7-Nlm7si1HPABdRA9C-0/getUpdates "HTTP/1.1 200 OK"
2026-06-10 08:09:34,232 [INFO] httpx: HTTP Request: POST https://api.telegram.org/bot8858693463:AAEf2t1kWgBD6gv7-Nlm7si1HPABdRA9C-0/sendMessage "HTTP/1.1 200 OK"
2026-06-10 08:09:44,100 [INFO] httpx: HTTP Request: POST https://api.telegram.org/bot8858693463:AAEf2t1kWgBD6gv7-Nlm7si1HPABdRA9C-0/getUpdates "HTTP/1.1 200 OK"
2026-06-10 08:09:54,236 [INFO] httpx: HTTP Request: POST https://api.telegram.org/bot8858693463:AAEf2t1kWgBD6gv7-Nlm7si1HPABdRA9C-0/getUpdates "HTTP/1.1 200 OK"
2026-06-10 08:10:04,373 [INFO] httpx: HTTP Request: POST https://api.telegram.org/bot8858693463:AAEf2t1kWgBD6gv7-Nlm7si1HPABdRA9C-0/getUpdates "HTTP/1.1 200 OK"
2026-06-10 08:10:14,511 [INFO] httpx: HTTP Request: POST https://api.telegram.org/bot8858693463:AAEf2t1kWgBD6gv7-Nlm7si1HPABdRA9C-0/getUpdates "HTTP/1.1 200 OK"
2026-06-10 08:10:24,647 [INFO] httpx: HTTP Request: POST https://api.telegram.org/bot8858693463:AAEf2t1kWgBD6gv7-Nlm7si1HPABdRA9C-0/getUpdates "HTTP/1.1 200 OK"
2026-06-10 08:10:34,784 [INFO] httpx: HTTP Request: POST https://api.telegram.org/bot8858693463:AAEf2t1kWgBD6gv7-Nlm7si1HPABdRA9C-0/getUpdates "HTTP/1.1 200 OK"
2026-06-10 08:10:44,921 [INFO] httpx: HTTP Request: POST https://api.telegram.org/bot8858693463:AAEf2t1kWgBD6gv7-Nlm7si1HPABdRA9C-0/getUpdates "HTTP/1.1 200 OK"
2026-06-10 08:10:55,035 [INFO] httpx: HTTP Request: POST https://api.telegram.org/bot8858693463:AAEf2t1kWgBD6gv7-Nlm7si1HPABdRA9C-0/getUpdates "HTTP/1.1 200 OK"
2026-06-10 08:11:05,148 [INFO] httpx: HTTP Request: POST https://api.telegram.org/bot8858693463:AAEf2t1kWgBD6gv7-Nlm7si1HPABdRA9C-0/getUpdates "HTTP/1.1 200 OK"
2026-06-10 08:11:15,332 [INFO] httpx: HTTP Request: POST https://api.telegram.org/bot8858693463:AAEf2t1kWgBD6gv7-Nlm7si1HPABdRA9C-0/getUpdates "HTTP/1.1 200 OK"
2026-06-10 08:11:25,468 [INFO] httpx: HTTP Request: POST https://api.telegram.org/bot8858693463:AAEf2t1kWgBD6gv7-Nlm7si1HPABdRA9C-0/getUpdates "HTTP/1.1 200 OK"
2026-06-10 08:11:35,607 [INFO] httpx: HTTP Request: POST https://api.telegram.org/bot8858693463:AAEf2t1kWgBD6gv7-Nlm7si1HPABdRA9C-0/getUpdates "HTTP/1.1 200 OK"
2026-06-10 08:11:45,745 [INFO] httpx: HTTP Request: POST https://api.telegram.org/bot8858693463:AAEf2t1kWgBD6gv7-Nlm7si1HPABdRA9C-0/getUpdates "HTTP/1.1 200 OK"
2026-06-10 08:11:55,867 [INFO] httpx: HTTP Request: POST https://api.telegram.org/bot8858693463:AAEf2t1kWgBD6gv7-Nlm7si1HPABdRA9C-0/getUpdates "HTTP/1.1 200 OK"
2026-06-10 08:12:05,986 [INFO] httpx: HTTP Request: POST https://api.telegram.org/bot8858693463:AAEf2t1kWgBD6gv7-Nlm7si1HPABdRA9C-0/getUpdates "HTTP/1.1 200 OK"
2026-06-10 08:12:16,128 [INFO] httpx: HTTP Request: POST https://api.telegram.org/bot8858693463:AAEf2t1kWgBD6gv7-Nlm7si1HPABdRA9C-0/getUpdates "HTTP/1.1 200 OK"
2026-06-10 08:12:26,293 [INFO] httpx: HTTP Request: POST https://api.telegram.org/bot8858693463:AAEf2t1kWgBD6gv7-Nlm7si1HPABdRA9C-0/getUpdates "HTTP/1.1 200 OK"
2026-06-10 08:12:36,431 [INFO] httpx: HTTP Request: POST https://api.telegram.org/bot8858693463:AAEf2t1kWgBD6gv7-Nlm7si1HPABdRA9C-0/getUpdates "HTTP/1.1 200 OK"
2026-06-10 08:12:46,549 [INFO] httpx: HTTP Request: POST https://api.telegram.org/bot8858693463:AAEf2t1kWgBD6gv7-Nlm7si1HPABdRA9C-0/getUpdates "HTTP/1.1 200 OK"
2026-06-10 08:12:56,705 [INFO] httpx: HTTP Request: POST https://api.telegram.org/bot8858693463:AAEf2t1kWgBD6gv7-Nlm7si1HPABdRA9C-0/getUpdates "HTTP/1.1 200 OK"
2026-06-10 08:13:06,842 [INFO] httpx: HTTP Request: POST https://api.telegram.org/bot8858693463:AAEf2t1kWgBD6gv7-Nlm7si1HPABdRA9C-0/getUpdates "HTTP/1.1 200 OK"
2026-06-10 08:13:17,082 [INFO] httpx: HTTP Request: POST https://api.telegram.org/bot8858693463:AAEf2t1kWgBD6gv7-Nlm7si1HPABdRA9C-0/getUpdates "HTTP/1.1 200 OK"
2026-06-10 08:13:27,202 [INFO] httpx: HTTP Request: POST https://api.telegram.org/bot8858693463:AAEf2t1kWgBD6gv7-Nlm7si1HPABdRA9C-0/getUpdates "HTTP/1.1 200 OK"
2026-06-10 08:13:37,356 [INFO] httpx: HTTP Request: POST https://api.telegram.org/bot8858693463:AAEf2t1kWgBD6gv7-Nlm7si1HPABdRA9C-0/getUpdates "HTTP/1.1 200 OK"
2026-06-10 08:13:47,494 [INFO] httpx: HTTP Request: POST https://api.telegram.org/bot8858693463:AAEf2t1kWgBD6gv7-Nlm7si1HPABdRA9C-0/getUpdates "HTTP/1.1 200 OK"
2026-06-10 08:13:57,632 [INFO] httpx: HTTP Request: POST https://api.telegram.org/bot8858693463:AAEf2t1kWgBD6gv7-Nlm7si1HPABdRA9C-0/getUpdates "HTTP/1.1 200 OK"
2026-06-10 08:14:07,769 [INFO] httpx: HTTP Request: POST https://api.telegram.org/bot8858693463:AAEf2t1kWgBD6gv7-Nlm7si1HPABdRA9C-0/getUpdates "HTTP/1.1 200 OK"
2026-06-10 08:14:17,908 [INFO] httpx: HTTP Request: POST https://api.telegram.org/bot8858693463:AAEf2t1kWgBD6gv7-Nlm7si1HPABdRA9C-0/getUpdates "HTTP/1.1 200 OK"
2026-06-10 08:14:28,043 [INFO] httpx: HTTP Request: POST https://api.telegram.org/bot8858693463:AAEf2t1kWgBD6gv7-Nlm7si1HPABdRA9C-0/getUpdates "HTTP/1.1 200 OK"
2026-06-10 08:14:38,180 [INFO] httpx: HTTP Request: POST https://api.telegram.org/bot8858693463:AAEf2t1kWgBD6gv7-Nlm7si1HPABdRA9C-0/getUpdates "HTTP/1.1 200 OK"
2026-06-10 08:14:48,305 [INFO] httpx: HTTP Request: POST https://api.telegram.org/bot8858693463:AAEf2t1kWgBD6gv7-Nlm7si1HPABdRA9C-0/getUpdates "HTTP/1.1 200 OK"
2026-06-10 08:14:58,440 [INFO] httpx: HTTP Request: POST https://api.telegram.org/bot8858693463:AAEf2t1kWgBD6gv7-Nlm7si1HPABdRA9C-0/getUpdates "HTTP/1.1 200 OK"
2026-06-10 08:15:08,569 [INFO] httpx: HTTP Request: POST https://api.telegram.org/bot8858693463:AAEf2t1kWgBD6gv7-Nlm7si1HPABdRA9C-0/getUpdates "HTTP/1.1 200 OK"
2026-06-10 08:15:18,730 [INFO] httpx: HTTP Request: POST https://api.telegram.org/bot8858693463:AAEf2t1kWgBD6gv7-Nlm7si1HPABdRA9C-0/getUpdates "HTTP/1.1 200 OK"
2026-06-10 08:15:28,868 [INFO] httpx: HTTP Request: POST https://api.telegram.org/bot8858693463:AAEf2t1kWgBD6gv7-Nlm7si1HPABdRA9C-0/getUpdates "HTTP/1.1 200 OK"
2026-06-10 08:15:38,984 [INFO] httpx: HTTP Request: POST https://api.telegram.org/bot8858693463:AAEf2t1kWgBD6gv7-Nlm7si1HPABdRA9C-0/getUpdates "HTTP/1.1 200 OK"
2026-06-10 08:15:49,141 [INFO] httpx: HTTP Request: POST https://api.telegram.org/bot8858693463:AAEf2t1kWgBD6gv7-Nlm7si1HPABdRA9C-0/getUpdates "HTTP/1.1 200 OK"
2026-06-10 08:15:59,279 [INFO] httpx: HTTP Request: POST https://api.telegram.org/bot8858693463:AAEf2t1kWgBD6gv7-Nlm7si1HPABdRA9C-0/getUpdates "HTTP/1.1 200 OK"
2026-06-10 08:16:09,417 [INFO] httpx: HTTP Request: POST https://api.telegram.org/bot8858693463:AAEf2t1kWgBD6gv7-Nlm7si1HPABdRA9C-0/getUpdates "HTTP/1.1 200 OK"
2026-06-10 08:16:19,537 [INFO] httpx: HTTP Request: POST https://api.telegram.org/bot8858693463:AAEf2t1kWgBD6gv7-Nlm7si1HPABdRA9C-0/getUpdates "HTTP/1.1 200 OK"
2026-06-10 08:16:29,651 [INFO] httpx: HTTP Request: POST https://api.telegram.org/bot8858693463:AAEf2t1kWgBD6gv7-Nlm7si1HPABdRA9C-0/getUpdates "HTTP/1.1 200 OK"
2026-06-10 08:16:39,767 [INFO] httpx: HTTP Request: POST https://api.telegram.org/bot8858693463:AAEf2t1kWgBD6gv7-Nlm7si1HPABdRA9C-0/getUpdates "HTTP/1.1 200 OK"
2026-06-10 08:16:49,955 [INFO] httpx: HTTP Request: POST https://api.telegram.org/bot8858693463:AAEf2t1kWgBD6gv7-Nlm7si1HPABdRA9C-0/getUpdates "HTTP/1.1 200 OK"
2026-06-10 08:17:00,071 [INFO] httpx: HTTP Request: POST https://api.telegram.org/bot8858693463:AAEf2t1kWgBD6gv7-Nlm7si1HPABdRA9C-0/getUpdates "HTTP/1.1 200 OK"
2026-06-10 08:17:10,195 [INFO] httpx: HTTP Request: POST https://api.telegram.org/bot8858693463:AAEf2t1kWgBD6gv7-Nlm7si1HPABdRA9C-0/getUpdates "HTTP/1.1 200 OK"
2026-06-10 08:17:20,380 [INFO] httpx: HTTP Request: POST https://api.telegram.org/bot8858693463:AAEf2t1kWgBD6gv7-Nlm7si1HPABdRA9C-0/getUpdates "HTTP/1.1 200 OK"
2026-06-10 08:17:30,508 [INFO] httpx: HTTP Request: POST https://api.telegram.org/bot8858693463:AAEf2t1kWgBD6gv7-Nlm7si1HPABdRA9C-0/getUpdates "HTTP/1.1 200 OK"
2026-06-10 08:17:40,757 [INFO] httpx: HTTP Request: POST https://api.telegram.org/bot8858693463:AAEf2t1kWgBD6gv7-Nlm7si1HPABdRA9C-0/getUpdates "HTTP/1.1 200 OK"
2026-06-10 08:17:50,893 [INFO] httpx: HTTP Request: POST https://api.telegram.org/bot8858693463:AAEf2t1kWgBD6gv7-Nlm7si1HPABdRA9C-0/getUpdates "HTTP/1.1 200 OK"
2026-06-10 08:18:01,030 [INFO] httpx: HTTP Request: POST https://api.telegram.org/bot8858693463:AAEf2t1kWgBD6gv7-Nlm7si1HPABdRA9C-0/getUpdates "HTTP/1.1 200 OK"
2026-06-10 08:18:11,170 [INFO] httpx: HTTP Request: POST https://api.telegram.org/bot8858693463:AAEf2t1kWgBD6gv7-Nlm7si1HPABdRA9C-0/getUpdates "HTTP/1.1 200 OK"
2026-06-10 08:18:21,407 [INFO] httpx: HTTP Request: POST https://api.telegram.org/bot8858693463:AAEf2t1kWgBD6gv7-Nlm7si1HPABdRA9C-0/getUpdates "HTTP/1.1 200 OK"
2026-06-10 08:18:31,531 [INFO] httpx: HTTP Request: POST https://api.telegram.org/bot8858693463:AAEf2t1kWgBD6gv7-Nlm7si1HPABdRA9C-0/getUpdates "HTTP/1.1 200 OK"
2026-06-10 08:18:41,666 [INFO] httpx: HTTP Request: POST https://api.telegram.org/bot8858693463:AAEf2t1kWgBD6gv7-Nlm7si1HPABdRA9C-0/getUpdates "HTTP/1.1 200 OK"
2026-06-10 08:18:51,820 [INFO] httpx: HTTP Request: POST https://api.telegram.org/bot8858693463:AAEf2t1kWgBD6gv7-Nlm7si1HPABdRA9C-0/getUpdates "HTTP/1.1 200 OK"
2026-06-10 08:19:01,940 [INFO] httpx: HTTP Request: POST https://api.telegram.org/bot8858693463:AAEf2t1kWgBD6gv7-Nlm7si1HPABdRA9C-0/getUpdates "HTTP/1.1 200 OK"
