2026-06-10 07:49:15.689 +05 [5918] LOG:  starting PostgreSQL 16.14 (Ubuntu 16.14-0ubuntu0.24.04.1) on x86_64-pc-linux-gnu, compiled by gcc (Ubuntu 13.3.0-6ubuntu2~24.04.1) 13.3.0, 64-bit
2026-06-10 07:49:15.689 +05 [5918] LOG:  listening on IPv4 address "127.0.0.1", port 5433
2026-06-10 07:49:15.726 +05 [5918] LOG:  listening on Unix socket "/tmp/.s.PGSQL.5433"
2026-06-10 07:49:15.792 +05 [5922] LOG:  database system was interrupted; last known up at 2026-06-10 06:47:31 +05
2026-06-10 07:49:16.831 +05 [5922] LOG:  database system was not properly shut down; automatic recovery in progress
2026-06-10 07:49:16.908 +05 [5922] LOG:  redo starts at 0/1F00048
2026-06-10 07:49:16.908 +05 [5922] LOG:  invalid record length at 0/1F00130: expected at least 24, got 0
2026-06-10 07:49:16.908 +05 [5922] LOG:  redo done at 0/1F000F8 system usage: CPU: user: 0.00 s, system: 0.00 s, elapsed: 0.00 s
2026-06-10 07:49:16.982 +05 [5920] LOG:  checkpoint starting: end-of-recovery immediate wait
2026-06-10 07:49:17.230 +05 [5920] LOG:  checkpoint complete: wrote 3 buffers (0.0%); 0 WAL file(s) added, 0 removed, 0 recycled; write=0.068 s, sync=0.034 s, total=0.280 s; sync files=2, longest=0.018 s, average=0.017 s; distance=0 kB, estimate=0 kB; lsn=0/1F00130, redo lsn=0/1F00130
2026-06-10 07:49:17.266 +05 [5918] LOG:  database system is ready to accept connections
2026-06-10 07:54:16.330 +05 [5920] LOG:  checkpoint starting: time
2026-06-10 07:54:17.597 +05 [5920] LOG:  checkpoint complete: wrote 5 buffers (0.0%); 0 WAL file(s) added, 0 removed, 0 recycled; write=0.442 s, sync=0.050 s, total=1.268 s; sync files=3, longest=0.033 s, average=0.017 s; distance=9 kB, estimate=9 kB; lsn=0/1F025F8, redo lsn=0/1F025C0
2026-06-10 07:59:16.697 +05 [5920] LOG:  checkpoint starting: time
2026-06-10 07:59:19.338 +05 [5920] LOG:  checkpoint complete: wrote 24 buffers (0.1%); 0 WAL file(s) added, 0 removed, 0 recycled; write=2.344 s, sync=0.131 s, total=2.641 s; sync files=23, longest=0.099 s, average=0.006 s; distance=73 kB, estimate=73 kB; lsn=0/1F14D90, redo lsn=0/1F14D58
2026-06-10 08:04:16.438 +05 [5920] LOG:  checkpoint starting: time
2026-06-10 08:04:18.130 +05 [5920] LOG:  checkpoint complete: wrote 15 buffers (0.1%); 0 WAL file(s) added, 0 removed, 0 recycled; write=1.439 s, sync=0.079 s, total=1.692 s; sync files=15, longest=0.048 s, average=0.006 s; distance=58 kB, estimate=72 kB; lsn=0/1F25ED8, redo lsn=0/1F23830
2026-06-10 08:09:16.230 +05 [5920] LOG:  checkpoint starting: time
2026-06-10 08:09:17.795 +05 [5920] LOG:  checkpoint complete: wrote 14 buffers (0.1%); 0 WAL file(s) added, 0 removed, 0 recycled; write=1.340 s, sync=0.067 s, total=1.566 s; sync files=13, longest=0.037 s, average=0.006 s; distance=43 kB, estimate=69 kB; lsn=0/1F2E818, redo lsn=0/1F2E7E0
2026-06-10 08:14:16.895 +05 [5920] LOG:  checkpoint starting: time
2026-06-10 08:14:18.458 +05 [5920] LOG:  checkpoint complete: wrote 14 buffers (0.1%); 0 WAL file(s) added, 0 removed, 0 recycled; write=1.341 s, sync=0.065 s, total=1.564 s; sync files=11, longest=0.036 s, average=0.006 s; distance=59 kB, estimate=68 kB; lsn=0/1F3D5B8, redo lsn=0/1F3D580
