2026-06-10T03:06:06Z INF Thank you for trying Cloudflare Tunnel. Doing so, without a Cloudflare account, is a quick way to experiment and try it out. However, be aware that these account-less Tunnels have no uptime guarantee, are subject to the Cloudflare Online Services Terms of Use (https://www.cloudflare.com/website-terms/), and Cloudflare reserves the right to investigate your use of Tunnels for violations of such terms. If you intend to use Tunnels in production you should use a pre-created named tunnel by following: https://developers.cloudflare.com/cloudflare-one/connections/connect-apps
2026-06-10T03:06:06Z INF Requesting new quick Tunnel on trycloudflare.com...
2026-06-10T03:06:11Z INF +--------------------------------------------------------------------------------------------+
2026-06-10T03:06:11Z INF |  Your quick Tunnel has been created! Visit it at (it may take some time to be reachable):  |
2026-06-10T03:06:11Z INF |  https://orders-retired-aim-compiler.trycloudflare.com                                     |
2026-06-10T03:06:11Z INF +--------------------------------------------------------------------------------------------+
2026-06-10T03:06:11Z INF Cannot determine default configuration path. No file [config.yml config.yaml] in [~/.cloudflared ~/.cloudflare-warp ~/cloudflare-warp /etc/cloudflared /usr/local/etc/cloudflared]
2026-06-10T03:06:11Z INF Version 2026.5.2 (Checksum 5286698547f03df745adb2355f04c12dde52ef425491e81f433642d695521886)
2026-06-10T03:06:11Z INF GOOS: linux, GOVersion: go1.26.3, GoArch: amd64
2026-06-10T03:06:11Z INF Settings: map[ha-connections:1 no-autoupdate:true protocol:quic url:http://localhost:8001]
2026-06-10T03:06:11Z INF Generated Connector ID: b2ea8b0f-4120-48e8-b69b-fda1295021c3
2026-06-10T03:06:11Z INF Initial protocol quic
2026-06-10T03:06:11Z INF ICMP proxy will use 10.5.51.30 as source for IPv4
2026-06-10T03:06:11Z INF ICMP proxy will use fe80::c1ac:d6a7:5a26:246 in zone wlp4s0 as source for IPv6
2026-06-10T03:06:11Z WRN The user running cloudflared process has a GID (group ID) that is not within ping_group_range. You might need to add that user to a group within that range, or instead update the range to encompass a group the user is already in by modifying /proc/sys/net/ipv4/ping_group_range. Otherwise cloudflared will not be able to ping this network error="Group ID 1000 is not between ping group 1 to 0"
2026-06-10T03:06:11Z WRN ICMP proxy feature is disabled error="cannot create ICMPv4 proxy: Group ID 1000 is not between ping group 1 to 0 nor ICMPv6 proxy: socket: permission denied"
2026/06/10 08:06:11 failed to sufficiently increase receive buffer size (was: 208 kiB, wanted: 7168 kiB, got: 416 kiB). See https://github.com/quic-go/quic-go/wiki/UDP-Buffer-Sizes for details.
2026-06-10T03:06:11Z INF ICMP proxy will use 10.5.51.30 as source for IPv4
2026-06-10T03:06:11Z INF ICMP proxy will use fe80::c1ac:d6a7:5a26:246 in zone wlp4s0 as source for IPv6
2026-06-10T03:06:11Z INF Starting metrics server on 127.0.0.1:20241/metrics
2026-06-10T03:06:11Z INF Tunnel connection curve preferences: [X25519MLKEM768 CurveID(65074) CurveP256] connIndex=0 event=0 ip=198.41.192.7
2026-06-10T03:06:11Z INF Registered tunnel connection connIndex=0 connection=101c9fd5-8fff-4047-b563-aa21f62f687c event=0 ip=198.41.192.7 location=waw03 protocol=quic
2026-06-10T03:06:17Z INF +-------------------------------------------------------------------------------------+
2026-06-10T03:06:17Z INF |                               CONNECTIVITY PRE-CHECKS                               |
2026-06-10T03:06:17Z INF +-------------------------------------------------------------------------------------+
2026-06-10T03:06:17Z INF |  COMPONENT         TARGET                     STATUS  DETAILS                       |
2026-06-10T03:06:17Z INF |  DNS Resolution    region1.v2.argotunnel.com  PASS    DNS Resolved successfully     |
2026-06-10T03:06:17Z INF |  DNS Resolution    region2.v2.argotunnel.com  PASS    DNS Resolved successfully     |
2026-06-10T03:06:17Z INF |  UDP Connectivity  region1.v2.argotunnel.com  PASS    QUIC connection successful    |
2026-06-10T03:06:17Z INF |  UDP Connectivity  region2.v2.argotunnel.com  PASS    QUIC connection successful    |
2026-06-10T03:06:17Z INF |  TCP Connectivity  region1.v2.argotunnel.com  PASS    HTTP/2 connection successful  |
2026-06-10T03:06:17Z INF |  TCP Connectivity  region2.v2.argotunnel.com  PASS    HTTP/2 connection successful  |
2026-06-10T03:06:17Z INF |  Cloudflare API    api.cloudflare.com:443     PASS    API is reachable              |
2026-06-10T03:06:17Z INF |                                                                                     |
2026-06-10T03:06:17Z INF |  SUMMARY: Environment is healthy. cloudflared will use 'quic' as primary protocol.  |
2026-06-10T03:06:17Z INF +-------------------------------------------------------------------------------------+
2026-06-10T03:06:17Z INF precheck component="DNS Resolution" details="DNS Resolved successfully" run_id=2855c8ec-92ed-4386-a3c1-d188b4291158 status=pass target=region1.v2.argotunnel.com
2026-06-10T03:06:17Z INF precheck component="DNS Resolution" details="DNS Resolved successfully" run_id=2855c8ec-92ed-4386-a3c1-d188b4291158 status=pass target=region2.v2.argotunnel.com
2026-06-10T03:06:17Z INF precheck component="UDP Connectivity" details="QUIC connection successful" run_id=2855c8ec-92ed-4386-a3c1-d188b4291158 status=pass target=region1.v2.argotunnel.com
2026-06-10T03:06:17Z INF precheck component="UDP Connectivity" details="QUIC connection successful" run_id=2855c8ec-92ed-4386-a3c1-d188b4291158 status=pass target=region2.v2.argotunnel.com
2026-06-10T03:06:17Z INF precheck component="TCP Connectivity" details="HTTP/2 connection successful" run_id=2855c8ec-92ed-4386-a3c1-d188b4291158 status=pass target=region1.v2.argotunnel.com
2026-06-10T03:06:17Z INF precheck component="TCP Connectivity" details="HTTP/2 connection successful" run_id=2855c8ec-92ed-4386-a3c1-d188b4291158 status=pass target=region2.v2.argotunnel.com
2026-06-10T03:06:17Z INF precheck component="Cloudflare API" details="API is reachable" run_id=2855c8ec-92ed-4386-a3c1-d188b4291158 status=pass target=api.cloudflare.com:443
2026-06-10T03:06:17Z INF precheck complete hard_fail=false run_id=2855c8ec-92ed-4386-a3c1-d188b4291158 suggested_protocol=quic
