{"level":"info","time":"2026-06-07T16:16:11Z","message":"Thank you for trying Cloudflare Tunnel. Doing so, without a Cloudflare account, is a quick way to experiment and try it out. However, be aware that these account-less Tunnels have no uptime guarantee, are subject to the Cloudflare Online Services Terms of Use (https://www.cloudflare.com/website-terms/), and Cloudflare reserves the right to investigate your use of Tunnels for violations of such terms. If you intend to use Tunnels in production you should use a pre-created named tunnel by following: https://developers.cloudflare.com/cloudflare-one/connections/connect-apps"}
{"level":"info","time":"2026-06-07T16:16:11Z","message":"Requesting new quick Tunnel on trycloudflare.com..."}
{"level":"info","time":"2026-06-07T16:16:17Z","message":"+--------------------------------------------------------------------------------------------+"}
{"level":"info","time":"2026-06-07T16:16:17Z","message":"|  Your quick Tunnel has been created! Visit it at (it may take some time to be reachable):  |"}
{"level":"info","time":"2026-06-07T16:16:17Z","message":"|  https://dean-archive-household-comes.trycloudflare.com                                    |"}
{"level":"info","time":"2026-06-07T16:16:17Z","message":"+--------------------------------------------------------------------------------------------+"}
{"level":"info","time":"2026-06-07T16:16:17Z","message":"Cannot determine default configuration path. No file [config.yml config.yaml] in [~/.cloudflared ~/.cloudflare-warp ~/cloudflare-warp /etc/cloudflared /usr/local/etc/cloudflared]"}
{"level":"info","time":"2026-06-07T16:16:17Z","message":"Version 2026.5.2 (Checksum 5286698547f03df745adb2355f04c12dde52ef425491e81f433642d695521886)"}
{"level":"info","time":"2026-06-07T16:16:17Z","message":"GOOS: linux, GOVersion: go1.26.3, GoArch: amd64"}
{"level":"info","time":"2026-06-07T16:16:17Z","message":"Settings: map[ha-connections:1 logfile:.logs/tunnel3.log no-autoupdate:true protocol:quic url:http://localhost:8001]"}
{"level":"info","time":"2026-06-07T16:16:17Z","message":"cloudflared will not automatically update when run from the shell. To enable auto-updates, run cloudflared as a service: https://developers.cloudflare.com/cloudflare-one/connections/connect-apps/configure-tunnels/local-management/as-a-service/"}
{"level":"info","time":"2026-06-07T16:16:17Z","message":"Generated Connector ID: 2a19c6dc-9952-4318-84f9-6b484f25699b"}
{"level":"info","time":"2026-06-07T16:16:17Z","message":"Initial protocol quic"}
{"level":"info","time":"2026-06-07T16:16:17Z","message":"ICMP proxy will use 10.5.51.30 as source for IPv4"}
{"level":"info","time":"2026-06-07T16:16:17Z","message":"ICMP proxy will use fe80::c1ac:d6a7:5a26:246 in zone wlp4s0 as source for IPv6"}
{"level":"warn","error":"Group ID 1000 is not between ping group 1 to 0","time":"2026-06-07T16:16:17Z","message":"The user running cloudflared process has a GID (group ID) that is not within ping_group_range. You might need to add that user to a group within that range, or instead update the range to encompass a group the user is already in by modifying /proc/sys/net/ipv4/ping_group_range. Otherwise cloudflared will not be able to ping this network"}
{"level":"warn","error":"cannot create ICMPv4 proxy: Group ID 1000 is not between ping group 1 to 0 nor ICMPv6 proxy: socket: permission denied","time":"2026-06-07T16:16:17Z","message":"ICMP proxy feature is disabled"}
{"level":"info","time":"2026-06-07T16:16:18Z","message":"ICMP proxy will use 10.5.51.30 as source for IPv4"}
{"level":"info","time":"2026-06-07T16:16:18Z","message":"ICMP proxy will use fe80::c1ac:d6a7:5a26:246 in zone wlp4s0 as source for IPv6"}
{"level":"info","time":"2026-06-07T16:16:18Z","message":"Starting metrics server on 127.0.0.1:20241/metrics"}
{"level":"info","event":0,"ip":"198.41.200.73","connIndex":0,"time":"2026-06-07T16:16:18Z","message":"Tunnel connection curve preferences: [X25519MLKEM768 CurveID(65074) CurveP256]"}
{"level":"info","event":0,"connection":"808478b9-5b17-4124-81fd-8423a95f98aa","connIndex":0,"location":"waw02","ip":"198.41.200.73","protocol":"quic","time":"2026-06-07T16:16:18Z","message":"Registered tunnel connection"}
{"level":"info","time":"2026-06-07T16:16:24Z","message":"+-------------------------------------------------------------------------------------+"}
{"level":"info","time":"2026-06-07T16:16:24Z","message":"|                               CONNECTIVITY PRE-CHECKS                               |"}
{"level":"info","time":"2026-06-07T16:16:24Z","message":"+-------------------------------------------------------------------------------------+"}
{"level":"info","time":"2026-06-07T16:16:24Z","message":"|  COMPONENT         TARGET                     STATUS  DETAILS                       |"}
{"level":"info","time":"2026-06-07T16:16:24Z","message":"|  DNS Resolution    region1.v2.argotunnel.com  PASS    DNS Resolved successfully     |"}
{"level":"info","time":"2026-06-07T16:16:24Z","message":"|  DNS Resolution    region2.v2.argotunnel.com  PASS    DNS Resolved successfully     |"}
{"level":"info","time":"2026-06-07T16:16:24Z","message":"|  UDP Connectivity  region1.v2.argotunnel.com  PASS    QUIC connection successful    |"}
{"level":"info","time":"2026-06-07T16:16:24Z","message":"|  UDP Connectivity  region2.v2.argotunnel.com  PASS    QUIC connection successful    |"}
{"level":"info","time":"2026-06-07T16:16:24Z","message":"|  TCP Connectivity  region1.v2.argotunnel.com  PASS    HTTP/2 connection successful  |"}
{"level":"info","time":"2026-06-07T16:16:24Z","message":"|  TCP Connectivity  region2.v2.argotunnel.com  PASS    HTTP/2 connection successful  |"}
{"level":"info","time":"2026-06-07T16:16:24Z","message":"|  Cloudflare API    api.cloudflare.com:443     PASS    API is reachable              |"}
{"level":"info","time":"2026-06-07T16:16:24Z","message":"|                                                                                     |"}
{"level":"info","time":"2026-06-07T16:16:24Z","message":"|  SUMMARY: Environment is healthy. cloudflared will use 'quic' as primary protocol.  |"}
{"level":"info","time":"2026-06-07T16:16:24Z","message":"+-------------------------------------------------------------------------------------+"}
{"level":"info","run_id":"204c9c60-045c-42d2-bb7a-f644dec06277","component":"DNS Resolution","target":"region1.v2.argotunnel.com","status":"pass","details":"DNS Resolved successfully","time":"2026-06-07T16:16:24Z","message":"precheck"}
{"level":"info","run_id":"204c9c60-045c-42d2-bb7a-f644dec06277","component":"DNS Resolution","target":"region2.v2.argotunnel.com","status":"pass","details":"DNS Resolved successfully","time":"2026-06-07T16:16:24Z","message":"precheck"}
{"level":"info","run_id":"204c9c60-045c-42d2-bb7a-f644dec06277","component":"UDP Connectivity","target":"region1.v2.argotunnel.com","status":"pass","details":"QUIC connection successful","time":"2026-06-07T16:16:24Z","message":"precheck"}
{"level":"info","run_id":"204c9c60-045c-42d2-bb7a-f644dec06277","component":"UDP Connectivity","target":"region2.v2.argotunnel.com","status":"pass","details":"QUIC connection successful","time":"2026-06-07T16:16:24Z","message":"precheck"}
{"level":"info","run_id":"204c9c60-045c-42d2-bb7a-f644dec06277","component":"TCP Connectivity","target":"region1.v2.argotunnel.com","status":"pass","details":"HTTP/2 connection successful","time":"2026-06-07T16:16:24Z","message":"precheck"}
{"level":"info","run_id":"204c9c60-045c-42d2-bb7a-f644dec06277","component":"TCP Connectivity","target":"region2.v2.argotunnel.com","status":"pass","details":"HTTP/2 connection successful","time":"2026-06-07T16:16:24Z","message":"precheck"}
{"level":"info","run_id":"204c9c60-045c-42d2-bb7a-f644dec06277","component":"Cloudflare API","target":"api.cloudflare.com:443","status":"pass","details":"API is reachable","time":"2026-06-07T16:16:24Z","message":"precheck"}
{"level":"info","run_id":"204c9c60-045c-42d2-bb7a-f644dec06277","hard_fail":false,"suggested_protocol":"quic","time":"2026-06-07T16:16:24Z","message":"precheck complete"}
