INFO:     Started server process [31860]
INFO:     Waiting for application startup.
{"timestamp": "2026-06-11T20:21:46.847056+00:00", "level": "INFO", "logger": "app", "message": "Starting Sfera5 Radio API v2.0.0"}
{"timestamp": "2026-06-11T20:21:46.853228+00:00", "level": "INFO", "logger": "database", "message": "Database connected (pool: 2-20)"}
{"timestamp": "2026-06-11T20:21:46.853465+00:00", "level": "WARNING", "logger": "redis", "message": "Redis unavailable (falling back to in-memory): No module named 'redis'"}
{"timestamp": "2026-06-11T20:21:46.854464+00:00", "level": "INFO", "logger": "app", "message": "Application started successfully"}
INFO:     Application startup complete.
INFO:     Uvicorn running on http://0.0.0.0:8001 (Press CTRL+C to quit)
DEBUG:    = connection is CONNECTING
DEBUG:    < GET /chat/global/ws?token=eyJhbGciOiJIUzI1NiIsInR5cCI6IkpXVCJ9.eyJzdWIiOiI5OTk5OTkiLCJleHAiOjE3ODM3OTY4MDIsImlhdCI6MTc4MTIwNDgwMn0.nH98ND6Jbzts7H12YLx27t0zZJUOwDbHXt-OpYIziCE HTTP/1.1
DEBUG:    < host: localhost:8001
DEBUG:    < connection: Upgrade
DEBUG:    < pragma: no-cache
DEBUG:    < cache-control: no-cache
DEBUG:    < user-agent: Mozilla/5.0 (iPhone; CPU iPhone OS 18_5 like Mac OS X) AppleWebKit/605.1.15 (KHTML, like Gecko) Version/18.5 Mobile/15E148 Safari/604.1
DEBUG:    < upgrade: websocket
DEBUG:    < origin: http://localhost:5173
DEBUG:    < sec-websocket-version: 13
DEBUG:    < accept-encoding: gzip, deflate, br, zstd
DEBUG:    < accept-language: en-US,en;q=0.9,uz;q=0.8,ru;q=0.7
DEBUG:    < sec-websocket-key: xx9RcyxyBZBGS4niMp5f+w==
DEBUG:    < sec-websocket-extensions: permessage-deflate; client_max_window_bits
{"timestamp": "2026-06-11T20:21:50.010645+00:00", "level": "INFO", "logger": "chat", "message": "WebSocket: Token decoded for user 999999"}
{"timestamp": "2026-06-11T20:21:50.013498+00:00", "level": "INFO", "logger": "chat", "message": "WebSocket: User test_user connecting"}
INFO:     127.0.0.1:60652 - "WebSocket /chat/global/ws?token=eyJhbGciOiJIUzI1NiIsInR5cCI6IkpXVCJ9.eyJzdWIiOiI5OTk5OTkiLCJleHAiOjE3ODM3OTY4MDIsImlhdCI6MTc4MTIwNDgwMn0.nH98ND6Jbzts7H12YLx27t0zZJUOwDbHXt-OpYIziCE" [accepted]
{"timestamp": "2026-06-11T20:21:50.014489+00:00", "level": "INFO", "logger": "chat", "message": "WebSocket: User test_user connected successfully"}
DEBUG:    > HTTP/1.1 101 Switching Protocols
DEBUG:    > Upgrade: websocket
DEBUG:    > Connection: Upgrade
DEBUG:    > Sec-WebSocket-Accept: rV2rRrQyySOCQ2dnCdcbStYDj6Q=
DEBUG:    > Sec-WebSocket-Extensions: permessage-deflate
DEBUG:    > date: Thu, 11 Jun 2026 20:21:49 GMT
DEBUG:    > server: uvicorn
INFO:     connection open
DEBUG:    = connection is OPEN
DEBUG:    % sending keepalive ping
DEBUG:    > PING 38 c6 72 a9 [binary, 4 bytes]
DEBUG:    < PONG 38 c6 72 a9 [binary, 4 bytes]
DEBUG:    % received keepalive pong
DEBUG:    < TEXT '{"type":"ping"}' [15 bytes]
DEBUG:    > TEXT '{"type":"pong"}' [15 bytes]
DEBUG:    % sending keepalive ping
DEBUG:    > PING 8f 92 73 05 [binary, 4 bytes]
DEBUG:    < PONG 8f 92 73 05 [binary, 4 bytes]
DEBUG:    % received keepalive pong
DEBUG:    % sending keepalive ping
DEBUG:    > PING 83 bd 5c b7 [binary, 4 bytes]
DEBUG:    < PONG 83 bd 5c b7 [binary, 4 bytes]
DEBUG:    % received keepalive pong
DEBUG:    < TEXT '{"type":"ping"}' [15 bytes]
DEBUG:    > TEXT '{"type":"pong"}' [15 bytes]
DEBUG:    % sending keepalive ping
DEBUG:    > PING 1d 6e 40 b0 [binary, 4 bytes]
DEBUG:    < PONG 1d 6e 40 b0 [binary, 4 bytes]
DEBUG:    % received keepalive pong
DEBUG:    < TEXT '{"type":"ping"}' [15 bytes]
DEBUG:    > TEXT '{"type":"pong"}' [15 bytes]
DEBUG:    % sending keepalive ping
DEBUG:    > PING e0 a0 35 92 [binary, 4 bytes]
DEBUG:    < PONG e0 a0 35 92 [binary, 4 bytes]
DEBUG:    % received keepalive pong
DEBUG:    % sending keepalive ping
DEBUG:    > PING c8 6d da a7 [binary, 4 bytes]
DEBUG:    < PONG c8 6d da a7 [binary, 4 bytes]
DEBUG:    % received keepalive pong
DEBUG:    < TEXT '{"type":"ping"}' [15 bytes]
DEBUG:    > TEXT '{"type":"pong"}' [15 bytes]
DEBUG:    % sending keepalive ping
DEBUG:    > PING a8 da 4f 47 [binary, 4 bytes]
DEBUG:    < PONG a8 da 4f 47 [binary, 4 bytes]
DEBUG:    % received keepalive pong
DEBUG:    < TEXT '{"type":"ping"}' [15 bytes]
DEBUG:    > TEXT '{"type":"pong"}' [15 bytes]
DEBUG:    % sending keepalive ping
DEBUG:    > PING 0f 48 22 db [binary, 4 bytes]
DEBUG:    < PONG 0f 48 22 db [binary, 4 bytes]
DEBUG:    % received keepalive pong
DEBUG:    % sending keepalive ping
DEBUG:    > PING 90 40 08 ee [binary, 4 bytes]
DEBUG:    < PONG 90 40 08 ee [binary, 4 bytes]
DEBUG:    % received keepalive pong
DEBUG:    < TEXT '{"type":"ping"}' [15 bytes]
DEBUG:    > TEXT '{"type":"pong"}' [15 bytes]
DEBUG:    % sending keepalive ping
DEBUG:    > PING f4 d2 a1 f7 [binary, 4 bytes]
DEBUG:    < PONG f4 d2 a1 f7 [binary, 4 bytes]
DEBUG:    % received keepalive pong
DEBUG:    % sending keepalive ping
DEBUG:    > PING b8 f0 f7 b1 [binary, 4 bytes]
DEBUG:    < PONG b8 f0 f7 b1 [binary, 4 bytes]
DEBUG:    % received keepalive pong
DEBUG:    % sending keepalive ping
DEBUG:    > PING b6 c2 37 c0 [binary, 4 bytes]
DEBUG:    < PONG b6 c2 37 c0 [binary, 4 bytes]
DEBUG:    % received keepalive pong
DEBUG:    < TEXT '{"type":"ping"}' [15 bytes]
DEBUG:    > TEXT '{"type":"pong"}' [15 bytes]
DEBUG:    % sending keepalive ping
DEBUG:    > PING f1 1a 45 a6 [binary, 4 bytes]
DEBUG:    < PONG f1 1a 45 a6 [binary, 4 bytes]
DEBUG:    % received keepalive pong
DEBUG:    % sending keepalive ping
DEBUG:    > PING f5 fc f3 71 [binary, 4 bytes]
DEBUG:    < PONG f5 fc f3 71 [binary, 4 bytes]
DEBUG:    % received keepalive pong
DEBUG:    % sending keepalive ping
DEBUG:    > PING 4d f0 19 f9 [binary, 4 bytes]
DEBUG:    < PONG 4d f0 19 f9 [binary, 4 bytes]
DEBUG:    % received keepalive pong
DEBUG:    < TEXT '{"type":"ping"}' [15 bytes]
DEBUG:    > TEXT '{"type":"pong"}' [15 bytes]
DEBUG:    % sending keepalive ping
DEBUG:    > PING c8 62 75 27 [binary, 4 bytes]
DEBUG:    < PONG c8 62 75 27 [binary, 4 bytes]
DEBUG:    % received keepalive pong
DEBUG:    % sending keepalive ping
DEBUG:    > PING 'QY͏' [text, 4 bytes]
DEBUG:    < PONG 'QY͏' [text, 4 bytes]
DEBUG:    % received keepalive pong
DEBUG:    % sending keepalive ping
DEBUG:    > PING b2 ff 8c 6e [binary, 4 bytes]
DEBUG:    < PONG b2 ff 8c 6e [binary, 4 bytes]
DEBUG:    % received keepalive pong
DEBUG:    < TEXT '{"type":"ping"}' [15 bytes]
DEBUG:    > TEXT '{"type":"pong"}' [15 bytes]
DEBUG:    < CLOSE 1001 (going away) [2 bytes]
DEBUG:    = connection is CLOSING
DEBUG:    > CLOSE 1001 (going away) [2 bytes]
DEBUG:    x half-closing TCP connection
DEBUG:    = connection is CLOSED
{"timestamp": "2026-06-11T20:27:56.384280+00:00", "level": "INFO", "logger": "chat", "message": "WebSocket: User test_user disconnected normally"}
INFO:     connection closed
DEBUG:    = connection is CONNECTING
DEBUG:    < GET /chat/global/ws?token=eyJhbGciOiJIUzI1NiIsInR5cCI6IkpXVCJ9.eyJzdWIiOiI5OTk5OTkiLCJleHAiOjE3ODM3OTY4MDIsImlhdCI6MTc4MTIwNDgwMn0.nH98ND6Jbzts7H12YLx27t0zZJUOwDbHXt-OpYIziCE HTTP/1.1
DEBUG:    < host: localhost:8001
DEBUG:    < connection: Upgrade
DEBUG:    < pragma: no-cache
DEBUG:    < cache-control: no-cache
DEBUG:    < user-agent: Mozilla/5.0 (iPhone; CPU iPhone OS 18_5 like Mac OS X) AppleWebKit/605.1.15 (KHTML, like Gecko) Version/18.5 Mobile/15E148 Safari/604.1
DEBUG:    < upgrade: websocket
DEBUG:    < origin: http://localhost:5173
DEBUG:    < sec-websocket-version: 13
DEBUG:    < accept-encoding: gzip, deflate, br, zstd
DEBUG:    < accept-language: en-US,en;q=0.9,uz;q=0.8,ru;q=0.7
DEBUG:    < sec-websocket-key: 7wwNDZJ22Y0mp0X/hwf4bw==
DEBUG:    < sec-websocket-extensions: permessage-deflate; client_max_window_bits
{"timestamp": "2026-06-11T20:28:27.370311+00:00", "level": "INFO", "logger": "chat", "message": "WebSocket: Token decoded for user 999999"}
{"timestamp": "2026-06-11T20:28:27.377161+00:00", "level": "INFO", "logger": "chat", "message": "WebSocket: User test_user connecting"}
INFO:     127.0.0.1:42336 - "WebSocket /chat/global/ws?token=eyJhbGciOiJIUzI1NiIsInR5cCI6IkpXVCJ9.eyJzdWIiOiI5OTk5OTkiLCJleHAiOjE3ODM3OTY4MDIsImlhdCI6MTc4MTIwNDgwMn0.nH98ND6Jbzts7H12YLx27t0zZJUOwDbHXt-OpYIziCE" [accepted]
{"timestamp": "2026-06-11T20:28:27.377496+00:00", "level": "INFO", "logger": "chat", "message": "WebSocket: User test_user connected successfully"}
DEBUG:    > HTTP/1.1 101 Switching Protocols
DEBUG:    > Upgrade: websocket
DEBUG:    > Connection: Upgrade
DEBUG:    > Sec-WebSocket-Accept: HdHIwnmNXWP5G+oC3J3ngijvQK4=
DEBUG:    > Sec-WebSocket-Extensions: permessage-deflate
DEBUG:    > date: Thu, 11 Jun 2026 20:28:26 GMT
DEBUG:    > server: uvicorn
INFO:     connection open
DEBUG:    = connection is OPEN
DEBUG:    < CLOSE 1001 (going away) [2 bytes]
DEBUG:    = connection is CLOSING
DEBUG:    > CLOSE 1001 (going away) [2 bytes]
DEBUG:    x half-closing TCP connection
DEBUG:    = connection is CLOSED
{"timestamp": "2026-06-11T20:28:27.388532+00:00", "level": "INFO", "logger": "chat", "message": "WebSocket: User test_user disconnected normally"}
INFO:     connection closed
DEBUG:    = connection is CONNECTING
DEBUG:    < GET /chat/global/ws?token=eyJhbGciOiJIUzI1NiIsInR5cCI6IkpXVCJ9.eyJzdWIiOiI5OTk5OTkiLCJleHAiOjE3ODM3OTY4MDIsImlhdCI6MTc4MTIwNDgwMn0.nH98ND6Jbzts7H12YLx27t0zZJUOwDbHXt-OpYIziCE HTTP/1.1
DEBUG:    < host: localhost:8001
DEBUG:    < connection: Upgrade
DEBUG:    < pragma: no-cache
DEBUG:    < cache-control: no-cache
DEBUG:    < user-agent: Mozilla/5.0 (iPhone; CPU iPhone OS 18_5 like Mac OS X) AppleWebKit/605.1.15 (KHTML, like Gecko) Version/18.5 Mobile/15E148 Safari/604.1
DEBUG:    < upgrade: websocket
DEBUG:    < origin: http://localhost:5173
DEBUG:    < sec-websocket-version: 13
DEBUG:    < accept-encoding: gzip, deflate, br, zstd
DEBUG:    < accept-language: en-US,en;q=0.9,uz;q=0.8,ru;q=0.7
DEBUG:    < sec-websocket-key: bicIOs81nh9iRFHmOuzgRw==
DEBUG:    < sec-websocket-extensions: permessage-deflate; client_max_window_bits
{"timestamp": "2026-06-11T20:28:27.398829+00:00", "level": "INFO", "logger": "chat", "message": "WebSocket: Token decoded for user 999999"}
{"timestamp": "2026-06-11T20:28:27.399844+00:00", "level": "INFO", "logger": "chat", "message": "WebSocket: User test_user connecting"}
INFO:     127.0.0.1:42382 - "WebSocket /chat/global/ws?token=eyJhbGciOiJIUzI1NiIsInR5cCI6IkpXVCJ9.eyJzdWIiOiI5OTk5OTkiLCJleHAiOjE3ODM3OTY4MDIsImlhdCI6MTc4MTIwNDgwMn0.nH98ND6Jbzts7H12YLx27t0zZJUOwDbHXt-OpYIziCE" [accepted]
{"timestamp": "2026-06-11T20:28:27.400281+00:00", "level": "INFO", "logger": "chat", "message": "WebSocket: User test_user connected successfully"}
DEBUG:    > HTTP/1.1 101 Switching Protocols
DEBUG:    > Upgrade: websocket
DEBUG:    > Connection: Upgrade
DEBUG:    > Sec-WebSocket-Accept: e48+ZI/8/Svp8DChidgG1wtWQdw=
DEBUG:    > Sec-WebSocket-Extensions: permessage-deflate
DEBUG:    > date: Thu, 11 Jun 2026 20:28:26 GMT
DEBUG:    > server: uvicorn
INFO:     connection open
DEBUG:    = connection is OPEN
DEBUG:    < CLOSE 1005 (no status received [internal]) [0 bytes]
DEBUG:    = connection is CLOSING
DEBUG:    > CLOSE 1005 (no status received [internal]) [0 bytes]
DEBUG:    x half-closing TCP connection
DEBUG:    = connection is CLOSED
{"timestamp": "2026-06-11T20:28:27.559734+00:00", "level": "INFO", "logger": "chat", "message": "WebSocket: User test_user disconnected normally"}
INFO:     connection closed
DEBUG:    = connection is CONNECTING
DEBUG:    < GET /chat/global/ws?token=eyJhbGciOiJIUzI1NiIsInR5cCI6IkpXVCJ9.eyJzdWIiOiI5OTk5OTkiLCJleHAiOjE3ODM3OTY4MDIsImlhdCI6MTc4MTIwNDgwMn0.nH98ND6Jbzts7H12YLx27t0zZJUOwDbHXt-OpYIziCE HTTP/1.1
DEBUG:    < host: localhost:8001
DEBUG:    < connection: Upgrade
DEBUG:    < pragma: no-cache
DEBUG:    < cache-control: no-cache
DEBUG:    < user-agent: Mozilla/5.0 (iPhone; CPU iPhone OS 18_5 like Mac OS X) AppleWebKit/605.1.15 (KHTML, like Gecko) Version/18.5 Mobile/15E148 Safari/604.1
DEBUG:    < upgrade: websocket
DEBUG:    < origin: http://localhost:5173
DEBUG:    < sec-websocket-version: 13
DEBUG:    < accept-encoding: gzip, deflate, br, zstd
DEBUG:    < accept-language: en-US,en;q=0.9,uz;q=0.8,ru;q=0.7
DEBUG:    < sec-websocket-key: NWKcinjnoiedzXhj4kyB9Q==
DEBUG:    < sec-websocket-extensions: permessage-deflate; client_max_window_bits
{"timestamp": "2026-06-11T20:28:27.561998+00:00", "level": "INFO", "logger": "chat", "message": "WebSocket: Token decoded for user 999999"}
{"timestamp": "2026-06-11T20:28:27.565820+00:00", "level": "INFO", "logger": "chat", "message": "WebSocket: User test_user connecting"}
INFO:     127.0.0.1:42386 - "WebSocket /chat/global/ws?token=eyJhbGciOiJIUzI1NiIsInR5cCI6IkpXVCJ9.eyJzdWIiOiI5OTk5OTkiLCJleHAiOjE3ODM3OTY4MDIsImlhdCI6MTc4MTIwNDgwMn0.nH98ND6Jbzts7H12YLx27t0zZJUOwDbHXt-OpYIziCE" [accepted]
{"timestamp": "2026-06-11T20:28:27.566119+00:00", "level": "INFO", "logger": "chat", "message": "WebSocket: User test_user connected successfully"}
DEBUG:    > HTTP/1.1 101 Switching Protocols
DEBUG:    > Upgrade: websocket
DEBUG:    > Connection: Upgrade
DEBUG:    > Sec-WebSocket-Accept: ZTdAkt8II6jES0xsKAkH6AWHH7A=
DEBUG:    > Sec-WebSocket-Extensions: permessage-deflate
DEBUG:    > date: Thu, 11 Jun 2026 20:28:26 GMT
DEBUG:    > server: uvicorn
INFO:     connection open
DEBUG:    = connection is OPEN
DEBUG:    < CLOSE 1001 (going away) [2 bytes]
DEBUG:    = connection is CLOSING
DEBUG:    > CLOSE 1001 (going away) [2 bytes]
DEBUG:    x half-closing TCP connection
DEBUG:    = connection is CLOSED
{"timestamp": "2026-06-11T20:28:27.585416+00:00", "level": "INFO", "logger": "chat", "message": "WebSocket: User test_user disconnected normally"}
INFO:     connection closed
DEBUG:    = connection is CONNECTING
DEBUG:    < GET /chat/global/ws?token=eyJhbGciOiJIUzI1NiIsInR5cCI6IkpXVCJ9.eyJzdWIiOiI5OTk5OTkiLCJleHAiOjE3ODM3OTY4MDIsImlhdCI6MTc4MTIwNDgwMn0.nH98ND6Jbzts7H12YLx27t0zZJUOwDbHXt-OpYIziCE HTTP/1.1
DEBUG:    < host: localhost:8001
DEBUG:    < connection: Upgrade
DEBUG:    < pragma: no-cache
DEBUG:    < cache-control: no-cache
DEBUG:    < user-agent: Mozilla/5.0 (iPhone; CPU iPhone OS 18_5 like Mac OS X) AppleWebKit/605.1.15 (KHTML, like Gecko) Version/18.5 Mobile/15E148 Safari/604.1
DEBUG:    < upgrade: websocket
DEBUG:    < origin: http://localhost:5173
DEBUG:    < sec-websocket-version: 13
DEBUG:    < accept-encoding: gzip, deflate, br, zstd
DEBUG:    < accept-language: en-US,en;q=0.9,uz;q=0.8,ru;q=0.7
DEBUG:    < sec-websocket-key: c3x3ijzHwxWG05w0ZCrRTg==
DEBUG:    < sec-websocket-extensions: permessage-deflate; client_max_window_bits
{"timestamp": "2026-06-11T20:28:27.591854+00:00", "level": "INFO", "logger": "chat", "message": "WebSocket: Token decoded for user 999999"}
{"timestamp": "2026-06-11T20:28:27.592779+00:00", "level": "INFO", "logger": "chat", "message": "WebSocket: User test_user connecting"}
INFO:     127.0.0.1:42390 - "WebSocket /chat/global/ws?token=eyJhbGciOiJIUzI1NiIsInR5cCI6IkpXVCJ9.eyJzdWIiOiI5OTk5OTkiLCJleHAiOjE3ODM3OTY4MDIsImlhdCI6MTc4MTIwNDgwMn0.nH98ND6Jbzts7H12YLx27t0zZJUOwDbHXt-OpYIziCE" [accepted]
{"timestamp": "2026-06-11T20:28:27.592920+00:00", "level": "INFO", "logger": "chat", "message": "WebSocket: User test_user connected successfully"}
DEBUG:    > HTTP/1.1 101 Switching Protocols
DEBUG:    > Upgrade: websocket
DEBUG:    > Connection: Upgrade
DEBUG:    > Sec-WebSocket-Accept: 5iolyPhjM2A/BECb7ntaW1H3lAQ=
DEBUG:    > Sec-WebSocket-Extensions: permessage-deflate
DEBUG:    > date: Thu, 11 Jun 2026 20:28:26 GMT
DEBUG:    > server: uvicorn
INFO:     connection open
DEBUG:    = connection is OPEN
DEBUG:    < CLOSE 1005 (no status received [internal]) [0 bytes]
DEBUG:    = connection is CLOSING
DEBUG:    > CLOSE 1005 (no status received [internal]) [0 bytes]
DEBUG:    x half-closing TCP connection
DEBUG:    = connection is CLOSED
{"timestamp": "2026-06-11T20:28:28.187153+00:00", "level": "INFO", "logger": "chat", "message": "WebSocket: User test_user disconnected normally"}
INFO:     connection closed
DEBUG:    = connection is CONNECTING
DEBUG:    < GET /chat/global/ws?token=eyJhbGciOiJIUzI1NiIsInR5cCI6IkpXVCJ9.eyJzdWIiOiI5OTk5OTkiLCJleHAiOjE3ODM3OTY4MDIsImlhdCI6MTc4MTIwNDgwMn0.nH98ND6Jbzts7H12YLx27t0zZJUOwDbHXt-OpYIziCE HTTP/1.1
DEBUG:    < host: localhost:8001
DEBUG:    < connection: Upgrade
DEBUG:    < pragma: no-cache
DEBUG:    < cache-control: no-cache
DEBUG:    < user-agent: Mozilla/5.0 (iPhone; CPU iPhone OS 18_5 like Mac OS X) AppleWebKit/605.1.15 (KHTML, like Gecko) Version/18.5 Mobile/15E148 Safari/604.1
DEBUG:    < upgrade: websocket
DEBUG:    < origin: http://localhost:5173
DEBUG:    < sec-websocket-version: 13
DEBUG:    < accept-encoding: gzip, deflate, br, zstd
DEBUG:    < accept-language: en-US,en;q=0.9,uz;q=0.8,ru;q=0.7
DEBUG:    < sec-websocket-key: 5vhP4sER3LzvqJlD15Uneg==
DEBUG:    < sec-websocket-extensions: permessage-deflate; client_max_window_bits
{"timestamp": "2026-06-11T20:28:29.934397+00:00", "level": "INFO", "logger": "chat", "message": "WebSocket: Token decoded for user 999999"}
DEBUG:    = connection is CLOSED
{"timestamp": "2026-06-11T20:28:29.946094+00:00", "level": "INFO", "logger": "chat", "message": "WebSocket: User test_user connecting"}
INFO:     127.0.0.1:42392 - "WebSocket /chat/global/ws?token=eyJhbGciOiJIUzI1NiIsInR5cCI6IkpXVCJ9.eyJzdWIiOiI5OTk5OTkiLCJleHAiOjE3ODM3OTY4MDIsImlhdCI6MTc4MTIwNDgwMn0.nH98ND6Jbzts7H12YLx27t0zZJUOwDbHXt-OpYIziCE" [accepted]
{"timestamp": "2026-06-11T20:28:29.946374+00:00", "level": "INFO", "logger": "chat", "message": "WebSocket: User test_user connected successfully"}
{"timestamp": "2026-06-11T20:28:29.946433+00:00", "level": "INFO", "logger": "chat", "message": "WebSocket: User test_user disconnected normally"}
INFO:     connection closed
DEBUG:    = connection is CONNECTING
DEBUG:    < GET /chat/global/ws?token=eyJhbGciOiJIUzI1NiIsInR5cCI6IkpXVCJ9.eyJzdWIiOiI5OTk5OTkiLCJleHAiOjE3ODM3OTY4MDIsImlhdCI6MTc4MTIwNDgwMn0.nH98ND6Jbzts7H12YLx27t0zZJUOwDbHXt-OpYIziCE HTTP/1.1
DEBUG:    < host: localhost:8001
DEBUG:    < connection: Upgrade
DEBUG:    < pragma: no-cache
DEBUG:    < cache-control: no-cache
DEBUG:    < user-agent: Mozilla/5.0 (iPhone; CPU iPhone OS 18_5 like Mac OS X) AppleWebKit/605.1.15 (KHTML, like Gecko) Version/18.5 Mobile/15E148 Safari/604.1
DEBUG:    < upgrade: websocket
DEBUG:    < origin: http://localhost:5173
DEBUG:    < sec-websocket-version: 13
DEBUG:    < accept-encoding: gzip, deflate, br, zstd
DEBUG:    < accept-language: en-US,en;q=0.9,uz;q=0.8,ru;q=0.7
DEBUG:    < sec-websocket-key: 7ITWRwhqdssqlOjUjE0xwA==
DEBUG:    < sec-websocket-extensions: permessage-deflate; client_max_window_bits
{"timestamp": "2026-06-11T20:28:29.951496+00:00", "level": "INFO", "logger": "chat", "message": "WebSocket: Token decoded for user 999999"}
{"timestamp": "2026-06-11T20:28:29.952992+00:00", "level": "INFO", "logger": "chat", "message": "WebSocket: User test_user connecting"}
INFO:     127.0.0.1:42408 - "WebSocket /chat/global/ws?token=eyJhbGciOiJIUzI1NiIsInR5cCI6IkpXVCJ9.eyJzdWIiOiI5OTk5OTkiLCJleHAiOjE3ODM3OTY4MDIsImlhdCI6MTc4MTIwNDgwMn0.nH98ND6Jbzts7H12YLx27t0zZJUOwDbHXt-OpYIziCE" [accepted]
{"timestamp": "2026-06-11T20:28:29.953179+00:00", "level": "INFO", "logger": "chat", "message": "WebSocket: User test_user connected successfully"}
DEBUG:    > HTTP/1.1 101 Switching Protocols
DEBUG:    > Upgrade: websocket
DEBUG:    > Connection: Upgrade
DEBUG:    > Sec-WebSocket-Accept: eVkDhW9FUv0icypti/pkUXZGoF4=
DEBUG:    > Sec-WebSocket-Extensions: permessage-deflate
DEBUG:    > date: Thu, 11 Jun 2026 20:28:29 GMT
DEBUG:    > server: uvicorn
INFO:     connection open
DEBUG:    = connection is OPEN
DEBUG:    = connection is CONNECTING
DEBUG:    < GET /chat/global/ws?token=eyJhbGciOiJIUzI1NiIsInR5cCI6IkpXVCJ9.eyJzdWIiOiI5OTk5OTkiLCJleHAiOjE3ODM3OTY4MDIsImlhdCI6MTc4MTIwNDgwMn0.nH98ND6Jbzts7H12YLx27t0zZJUOwDbHXt-OpYIziCE HTTP/1.1
DEBUG:    < host: localhost:8001
DEBUG:    < connection: Upgrade
DEBUG:    < pragma: no-cache
DEBUG:    < cache-control: no-cache
DEBUG:    < user-agent: Mozilla/5.0 (iPhone; CPU iPhone OS 18_5 like Mac OS X) AppleWebKit/605.1.15 (KHTML, like Gecko) Version/18.5 Mobile/15E148 Safari/604.1
DEBUG:    < upgrade: websocket
DEBUG:    < origin: http://localhost:5173
DEBUG:    < sec-websocket-version: 13
DEBUG:    < accept-encoding: gzip, deflate, br, zstd
DEBUG:    < accept-language: en-US,en;q=0.9,uz;q=0.8,ru;q=0.7
DEBUG:    < sec-websocket-key: 32UrXO5K0maCE3GVdL3T3Q==
DEBUG:    < sec-websocket-extensions: permessage-deflate; client_max_window_bits
{"timestamp": "2026-06-11T20:28:30.014729+00:00", "level": "INFO", "logger": "chat", "message": "WebSocket: Token decoded for user 999999"}
{"timestamp": "2026-06-11T20:28:30.016320+00:00", "level": "INFO", "logger": "chat", "message": "WebSocket: User test_user connecting"}
INFO:     127.0.0.1:42418 - "WebSocket /chat/global/ws?token=eyJhbGciOiJIUzI1NiIsInR5cCI6IkpXVCJ9.eyJzdWIiOiI5OTk5OTkiLCJleHAiOjE3ODM3OTY4MDIsImlhdCI6MTc4MTIwNDgwMn0.nH98ND6Jbzts7H12YLx27t0zZJUOwDbHXt-OpYIziCE" [accepted]
{"timestamp": "2026-06-11T20:28:30.017017+00:00", "level": "INFO", "logger": "chat", "message": "WebSocket: User test_user connected successfully"}
DEBUG:    > HTTP/1.1 101 Switching Protocols
DEBUG:    > Upgrade: websocket
DEBUG:    > Connection: Upgrade
DEBUG:    > Sec-WebSocket-Accept: 04+hq4H3Eqpyc1o56PW1IIv7zBc=
DEBUG:    > Sec-WebSocket-Extensions: permessage-deflate
DEBUG:    > date: Thu, 11 Jun 2026 20:28:29 GMT
DEBUG:    > server: uvicorn
INFO:     connection open
DEBUG:    = connection is OPEN
DEBUG:    < CLOSE 1001 (going away) [2 bytes]
DEBUG:    = connection is CLOSING
DEBUG:    > CLOSE 1001 (going away) [2 bytes]
DEBUG:    x half-closing TCP connection
DEBUG:    = connection is CLOSED
{"timestamp": "2026-06-11T20:28:30.057904+00:00", "level": "INFO", "logger": "chat", "message": "WebSocket: User test_user disconnected normally"}
INFO:     connection closed
DEBUG:    < CLOSE 1005 (no status received [internal]) [0 bytes]
DEBUG:    = connection is CLOSING
DEBUG:    > CLOSE 1005 (no status received [internal]) [0 bytes]
DEBUG:    x half-closing TCP connection
DEBUG:    = connection is CONNECTING
DEBUG:    < GET /chat/global/ws?token=eyJhbGciOiJIUzI1NiIsInR5cCI6IkpXVCJ9.eyJzdWIiOiI5OTk5OTkiLCJleHAiOjE3ODM3OTY4MDIsImlhdCI6MTc4MTIwNDgwMn0.nH98ND6Jbzts7H12YLx27t0zZJUOwDbHXt-OpYIziCE HTTP/1.1
DEBUG:    < host: localhost:8001
DEBUG:    < connection: Upgrade
DEBUG:    < pragma: no-cache
DEBUG:    < cache-control: no-cache
DEBUG:    < user-agent: Mozilla/5.0 (iPhone; CPU iPhone OS 18_5 like Mac OS X) AppleWebKit/605.1.15 (KHTML, like Gecko) Version/18.5 Mobile/15E148 Safari/604.1
DEBUG:    < upgrade: websocket
DEBUG:    < origin: http://localhost:5173
DEBUG:    < sec-websocket-version: 13
DEBUG:    < accept-encoding: gzip, deflate, br, zstd
DEBUG:    < accept-language: en-US,en;q=0.9,uz;q=0.8,ru;q=0.7
DEBUG:    < sec-websocket-key: cqm6F5JHo7Vss6E9E1f3Ew==
DEBUG:    < sec-websocket-extensions: permessage-deflate; client_max_window_bits
{"timestamp": "2026-06-11T20:28:30.087621+00:00", "level": "INFO", "logger": "chat", "message": "WebSocket: Token decoded for user 999999"}
DEBUG:    = connection is CLOSED
{"timestamp": "2026-06-11T20:28:30.088353+00:00", "level": "INFO", "logger": "chat", "message": "WebSocket: User test_user disconnected normally"}
INFO:     connection closed
{"timestamp": "2026-06-11T20:28:30.090179+00:00", "level": "INFO", "logger": "chat", "message": "WebSocket: User test_user connecting"}
INFO:     127.0.0.1:42434 - "WebSocket /chat/global/ws?token=eyJhbGciOiJIUzI1NiIsInR5cCI6IkpXVCJ9.eyJzdWIiOiI5OTk5OTkiLCJleHAiOjE3ODM3OTY4MDIsImlhdCI6MTc4MTIwNDgwMn0.nH98ND6Jbzts7H12YLx27t0zZJUOwDbHXt-OpYIziCE" [accepted]
{"timestamp": "2026-06-11T20:28:30.090455+00:00", "level": "INFO", "logger": "chat", "message": "WebSocket: User test_user connected successfully"}
DEBUG:    > HTTP/1.1 101 Switching Protocols
DEBUG:    > Upgrade: websocket
DEBUG:    > Connection: Upgrade
DEBUG:    > Sec-WebSocket-Accept: X4AOIk+lTbhvvdnogY9qbV7YvtI=
DEBUG:    > Sec-WebSocket-Extensions: permessage-deflate
DEBUG:    > date: Thu, 11 Jun 2026 20:28:29 GMT
DEBUG:    > server: uvicorn
INFO:     connection open
DEBUG:    = connection is OPEN
DEBUG:    < CLOSE 1005 (no status received [internal]) [0 bytes]
DEBUG:    = connection is CLOSING
DEBUG:    > CLOSE 1005 (no status received [internal]) [0 bytes]
DEBUG:    x half-closing TCP connection
DEBUG:    = connection is CLOSED
{"timestamp": "2026-06-11T20:28:30.890965+00:00", "level": "INFO", "logger": "chat", "message": "WebSocket: User test_user disconnected normally"}
INFO:     connection closed
DEBUG:    = connection is CONNECTING
DEBUG:    < GET /chat/global/ws?token=eyJhbGciOiJIUzI1NiIsInR5cCI6IkpXVCJ9.eyJzdWIiOiI5OTk5OTkiLCJleHAiOjE3ODM3OTY4MDIsImlhdCI6MTc4MTIwNDgwMn0.nH98ND6Jbzts7H12YLx27t0zZJUOwDbHXt-OpYIziCE HTTP/1.1
DEBUG:    < host: localhost:8001
DEBUG:    < connection: Upgrade
DEBUG:    < pragma: no-cache
DEBUG:    < cache-control: no-cache
DEBUG:    < user-agent: Mozilla/5.0 (iPhone; CPU iPhone OS 18_5 like Mac OS X) AppleWebKit/605.1.15 (KHTML, like Gecko) Version/18.5 Mobile/15E148 Safari/604.1
DEBUG:    < upgrade: websocket
DEBUG:    < origin: http://localhost:5173
DEBUG:    < sec-websocket-version: 13
DEBUG:    < accept-encoding: gzip, deflate, br, zstd
DEBUG:    < accept-language: en-US,en;q=0.9,uz;q=0.8,ru;q=0.7
DEBUG:    < sec-websocket-key: uUvRz10MGrYhPe8812LLmA==
DEBUG:    < sec-websocket-extensions: permessage-deflate; client_max_window_bits
{"timestamp": "2026-06-11T20:28:31.203715+00:00", "level": "INFO", "logger": "chat", "message": "WebSocket: Token decoded for user 999999"}
{"timestamp": "2026-06-11T20:28:31.205376+00:00", "level": "INFO", "logger": "chat", "message": "WebSocket: User test_user connecting"}
INFO:     127.0.0.1:42446 - "WebSocket /chat/global/ws?token=eyJhbGciOiJIUzI1NiIsInR5cCI6IkpXVCJ9.eyJzdWIiOiI5OTk5OTkiLCJleHAiOjE3ODM3OTY4MDIsImlhdCI6MTc4MTIwNDgwMn0.nH98ND6Jbzts7H12YLx27t0zZJUOwDbHXt-OpYIziCE" [accepted]
{"timestamp": "2026-06-11T20:28:31.205777+00:00", "level": "INFO", "logger": "chat", "message": "WebSocket: User test_user connected successfully"}
DEBUG:    > HTTP/1.1 101 Switching Protocols
DEBUG:    > Upgrade: websocket
DEBUG:    > Connection: Upgrade
DEBUG:    > Sec-WebSocket-Accept: iOgWuOML3QROJMOrFsmVe1VSMJg=
DEBUG:    > Sec-WebSocket-Extensions: permessage-deflate
DEBUG:    > date: Thu, 11 Jun 2026 20:28:30 GMT
DEBUG:    > server: uvicorn
INFO:     connection open
DEBUG:    = connection is OPEN
DEBUG:    = connection is CONNECTING
DEBUG:    < GET /chat/global/ws?token=eyJhbGciOiJIUzI1NiIsInR5cCI6IkpXVCJ9.eyJzdWIiOiI5OTk5OTkiLCJleHAiOjE3ODM3OTY4MDIsImlhdCI6MTc4MTIwNDgwMn0.nH98ND6Jbzts7H12YLx27t0zZJUOwDbHXt-OpYIziCE HTTP/1.1
DEBUG:    < host: localhost:8001
DEBUG:    < connection: Upgrade
DEBUG:    < pragma: no-cache
DEBUG:    < cache-control: no-cache
DEBUG:    < user-agent: Mozilla/5.0 (iPhone; CPU iPhone OS 18_5 like Mac OS X) AppleWebKit/605.1.15 (KHTML, like Gecko) Version/18.5 Mobile/15E148 Safari/604.1
DEBUG:    < upgrade: websocket
DEBUG:    < origin: http://localhost:5173
DEBUG:    < sec-websocket-version: 13
DEBUG:    < accept-encoding: gzip, deflate, br, zstd
DEBUG:    < accept-language: en-US,en;q=0.9,uz;q=0.8,ru;q=0.7
DEBUG:    < sec-websocket-key: AGoqBrnJ25MD8hEt9vmW3w==
DEBUG:    < sec-websocket-extensions: permessage-deflate; client_max_window_bits
{"timestamp": "2026-06-11T20:28:33.906336+00:00", "level": "INFO", "logger": "chat", "message": "WebSocket: Token decoded for user 999999"}
{"timestamp": "2026-06-11T20:28:33.909345+00:00", "level": "INFO", "logger": "chat", "message": "WebSocket: User test_user connecting"}
INFO:     127.0.0.1:55460 - "WebSocket /chat/global/ws?token=eyJhbGciOiJIUzI1NiIsInR5cCI6IkpXVCJ9.eyJzdWIiOiI5OTk5OTkiLCJleHAiOjE3ODM3OTY4MDIsImlhdCI6MTc4MTIwNDgwMn0.nH98ND6Jbzts7H12YLx27t0zZJUOwDbHXt-OpYIziCE" [accepted]
{"timestamp": "2026-06-11T20:28:33.909600+00:00", "level": "INFO", "logger": "chat", "message": "WebSocket: User test_user connected successfully"}
DEBUG:    > HTTP/1.1 101 Switching Protocols
DEBUG:    > Upgrade: websocket
DEBUG:    > Connection: Upgrade
DEBUG:    > Sec-WebSocket-Accept: rDIlM+zU3qEjiV9fz44SIzgpyEw=
DEBUG:    > Sec-WebSocket-Extensions: permessage-deflate
DEBUG:    > date: Thu, 11 Jun 2026 20:28:33 GMT
DEBUG:    > server: uvicorn
INFO:     connection open
DEBUG:    = connection is OPEN
DEBUG:    < CLOSE 1001 (going away) [2 bytes]
DEBUG:    = connection is CLOSING
DEBUG:    > CLOSE 1001 (going away) [2 bytes]
DEBUG:    x half-closing TCP connection
DEBUG:    = connection is CLOSED
DEBUG:    < CLOSE 1001 (going away) [2 bytes]
DEBUG:    = connection is CLOSING
DEBUG:    > CLOSE 1001 (going away) [2 bytes]
DEBUG:    x half-closing TCP connection
DEBUG:    = connection is CLOSED
{"timestamp": "2026-06-11T20:28:36.861410+00:00", "level": "INFO", "logger": "chat", "message": "WebSocket: User test_user disconnected normally"}
{"timestamp": "2026-06-11T20:28:36.861738+00:00", "level": "INFO", "logger": "chat", "message": "WebSocket: User test_user disconnected normally"}
INFO:     connection closed
INFO:     connection closed
DEBUG:    = connection is CONNECTING
DEBUG:    < GET /chat/global/ws?token=eyJhbGciOiJIUzI1NiIsInR5cCI6IkpXVCJ9.eyJzdWIiOiI5OTk5OTkiLCJleHAiOjE3ODM3OTY4MDIsImlhdCI6MTc4MTIwNDgwMn0.nH98ND6Jbzts7H12YLx27t0zZJUOwDbHXt-OpYIziCE HTTP/1.1
DEBUG:    < host: localhost:8001
DEBUG:    < connection: Upgrade
DEBUG:    < pragma: no-cache
DEBUG:    < cache-control: no-cache
DEBUG:    < user-agent: Mozilla/5.0 (iPhone; CPU iPhone OS 18_5 like Mac OS X) AppleWebKit/605.1.15 (KHTML, like Gecko) Version/18.5 Mobile/15E148 Safari/604.1
DEBUG:    < upgrade: websocket
DEBUG:    < origin: http://localhost:5173
DEBUG:    < sec-websocket-version: 13
DEBUG:    < accept-encoding: gzip, deflate, br, zstd
DEBUG:    < accept-language: en-US,en;q=0.9,uz;q=0.8,ru;q=0.7
DEBUG:    < sec-websocket-key: TqsSMYYDeCpHlsuT7ig0ZQ==
DEBUG:    < sec-websocket-extensions: permessage-deflate; client_max_window_bits
{"timestamp": "2026-06-11T20:28:39.694326+00:00", "level": "INFO", "logger": "chat", "message": "WebSocket: Token decoded for user 999999"}
{"timestamp": "2026-06-11T20:28:39.696986+00:00", "level": "INFO", "logger": "chat", "message": "WebSocket: User test_user connecting"}
INFO:     127.0.0.1:55524 - "WebSocket /chat/global/ws?token=eyJhbGciOiJIUzI1NiIsInR5cCI6IkpXVCJ9.eyJzdWIiOiI5OTk5OTkiLCJleHAiOjE3ODM3OTY4MDIsImlhdCI6MTc4MTIwNDgwMn0.nH98ND6Jbzts7H12YLx27t0zZJUOwDbHXt-OpYIziCE" [accepted]
{"timestamp": "2026-06-11T20:28:39.698642+00:00", "level": "INFO", "logger": "chat", "message": "WebSocket: User test_user connected successfully"}
DEBUG:    > HTTP/1.1 101 Switching Protocols
DEBUG:    > Upgrade: websocket
DEBUG:    > Connection: Upgrade
DEBUG:    > Sec-WebSocket-Accept: hhRtiZkuyIvDdy6TSxZh38bmUbM=
DEBUG:    > Sec-WebSocket-Extensions: permessage-deflate
DEBUG:    > date: Thu, 11 Jun 2026 20:28:38 GMT
DEBUG:    > server: uvicorn
INFO:     connection open
DEBUG:    = connection is OPEN
DEBUG:    < CLOSE 1001 (going away) [2 bytes]
DEBUG:    = connection is CLOSING
DEBUG:    > CLOSE 1001 (going away) [2 bytes]
DEBUG:    x half-closing TCP connection
DEBUG:    = connection is CLOSED
{"timestamp": "2026-06-11T20:28:39.712884+00:00", "level": "INFO", "logger": "chat", "message": "WebSocket: User test_user disconnected normally"}
DEBUG:    = connection is CONNECTING
DEBUG:    < GET /chat/global/ws?token=eyJhbGciOiJIUzI1NiIsInR5cCI6IkpXVCJ9.eyJzdWIiOiI5OTk5OTkiLCJleHAiOjE3ODM3OTY4MDIsImlhdCI6MTc4MTIwNDgwMn0.nH98ND6Jbzts7H12YLx27t0zZJUOwDbHXt-OpYIziCE HTTP/1.1
DEBUG:    < host: localhost:8001
DEBUG:    < connection: Upgrade
DEBUG:    < pragma: no-cache
DEBUG:    < cache-control: no-cache
DEBUG:    < user-agent: Mozilla/5.0 (iPhone; CPU iPhone OS 18_5 like Mac OS X) AppleWebKit/605.1.15 (KHTML, like Gecko) Version/18.5 Mobile/15E148 Safari/604.1
DEBUG:    < upgrade: websocket
DEBUG:    < origin: http://localhost:5173
DEBUG:    < sec-websocket-version: 13
DEBUG:    < accept-encoding: gzip, deflate, br, zstd
DEBUG:    < accept-language: en-US,en;q=0.9,uz;q=0.8,ru;q=0.7
DEBUG:    < sec-websocket-key: HunqeNebW1JN1saar+kS6g==
DEBUG:    < sec-websocket-extensions: permessage-deflate; client_max_window_bits
{"timestamp": "2026-06-11T20:28:39.721101+00:00", "level": "INFO", "logger": "chat", "message": "WebSocket: Token decoded for user 999999"}
DEBUG:    = connection is CLOSED
INFO:     connection closed
{"timestamp": "2026-06-11T20:28:39.726548+00:00", "level": "INFO", "logger": "chat", "message": "WebSocket: User test_user connecting"}
INFO:     127.0.0.1:55528 - "WebSocket /chat/global/ws?token=eyJhbGciOiJIUzI1NiIsInR5cCI6IkpXVCJ9.eyJzdWIiOiI5OTk5OTkiLCJleHAiOjE3ODM3OTY4MDIsImlhdCI6MTc4MTIwNDgwMn0.nH98ND6Jbzts7H12YLx27t0zZJUOwDbHXt-OpYIziCE" [accepted]
{"timestamp": "2026-06-11T20:28:39.727160+00:00", "level": "INFO", "logger": "chat", "message": "WebSocket: User test_user connected successfully"}
{"timestamp": "2026-06-11T20:28:39.727233+00:00", "level": "INFO", "logger": "chat", "message": "WebSocket: User test_user disconnected normally"}
INFO:     connection closed
DEBUG:    = connection is CONNECTING
DEBUG:    < GET /chat/global/ws?token=eyJhbGciOiJIUzI1NiIsInR5cCI6IkpXVCJ9.eyJzdWIiOiI5OTk5OTkiLCJleHAiOjE3ODM3OTY4MDIsImlhdCI6MTc4MTIwNDgwMn0.nH98ND6Jbzts7H12YLx27t0zZJUOwDbHXt-OpYIziCE HTTP/1.1
DEBUG:    < host: localhost:8001
DEBUG:    < connection: Upgrade
DEBUG:    < pragma: no-cache
DEBUG:    < cache-control: no-cache
DEBUG:    < user-agent: Mozilla/5.0 (iPhone; CPU iPhone OS 18_5 like Mac OS X) AppleWebKit/605.1.15 (KHTML, like Gecko) Version/18.5 Mobile/15E148 Safari/604.1
DEBUG:    < upgrade: websocket
DEBUG:    < origin: http://localhost:5173
DEBUG:    < sec-websocket-version: 13
DEBUG:    < accept-encoding: gzip, deflate, br, zstd
DEBUG:    < accept-language: en-US,en;q=0.9,uz;q=0.8,ru;q=0.7
DEBUG:    < sec-websocket-key: BYWwCrDAh0XHr3SzApiHwQ==
DEBUG:    < sec-websocket-extensions: permessage-deflate; client_max_window_bits
{"timestamp": "2026-06-11T20:28:39.732560+00:00", "level": "INFO", "logger": "chat", "message": "WebSocket: Token decoded for user 999999"}
{"timestamp": "2026-06-11T20:28:39.733326+00:00", "level": "INFO", "logger": "chat", "message": "WebSocket: User test_user connecting"}
INFO:     127.0.0.1:55530 - "WebSocket /chat/global/ws?token=eyJhbGciOiJIUzI1NiIsInR5cCI6IkpXVCJ9.eyJzdWIiOiI5OTk5OTkiLCJleHAiOjE3ODM3OTY4MDIsImlhdCI6MTc4MTIwNDgwMn0.nH98ND6Jbzts7H12YLx27t0zZJUOwDbHXt-OpYIziCE" [accepted]
{"timestamp": "2026-06-11T20:28:39.733673+00:00", "level": "INFO", "logger": "chat", "message": "WebSocket: User test_user connected successfully"}
DEBUG:    > HTTP/1.1 101 Switching Protocols
DEBUG:    > Upgrade: websocket
DEBUG:    > Connection: Upgrade
DEBUG:    > Sec-WebSocket-Accept: uXDDV8npjwdvG2nkP9SeR+EoHXA=
DEBUG:    > Sec-WebSocket-Extensions: permessage-deflate
DEBUG:    > date: Thu, 11 Jun 2026 20:28:38 GMT
DEBUG:    > server: uvicorn
INFO:     connection open
DEBUG:    = connection is OPEN
DEBUG:    = connection is CONNECTING
DEBUG:    < CLOSE 1001 (going away) [2 bytes]
DEBUG:    = connection is CLOSING
DEBUG:    > CLOSE 1001 (going away) [2 bytes]
DEBUG:    < GET /chat/global/ws?token=eyJhbGciOiJIUzI1NiIsInR5cCI6IkpXVCJ9.eyJzdWIiOiI5OTk5OTkiLCJleHAiOjE3ODM3OTY4MDIsImlhdCI6MTc4MTIwNDgwMn0.nH98ND6Jbzts7H12YLx27t0zZJUOwDbHXt-OpYIziCE HTTP/1.1
DEBUG:    < host: localhost:8001
DEBUG:    < connection: Upgrade
DEBUG:    < pragma: no-cache
DEBUG:    < cache-control: no-cache
DEBUG:    < user-agent: Mozilla/5.0 (iPhone; CPU iPhone OS 18_5 like Mac OS X) AppleWebKit/605.1.15 (KHTML, like Gecko) Version/18.5 Mobile/15E148 Safari/604.1
DEBUG:    < upgrade: websocket
DEBUG:    < origin: http://localhost:5173
DEBUG:    < sec-websocket-version: 13
DEBUG:    < accept-encoding: gzip, deflate, br, zstd
DEBUG:    < accept-language: en-US,en;q=0.9,uz;q=0.8,ru;q=0.7
DEBUG:    < sec-websocket-key: o9ylxUs3un6hBW9gAB38MQ==
DEBUG:    < sec-websocket-extensions: permessage-deflate; client_max_window_bits
DEBUG:    x half-closing TCP connection
{"timestamp": "2026-06-11T20:28:39.804096+00:00", "level": "INFO", "logger": "chat", "message": "WebSocket: Token decoded for user 999999"}
DEBUG:    = connection is CLOSED
{"timestamp": "2026-06-11T20:28:39.804490+00:00", "level": "INFO", "logger": "chat", "message": "WebSocket: User test_user disconnected normally"}
INFO:     connection closed
{"timestamp": "2026-06-11T20:28:39.808473+00:00", "level": "INFO", "logger": "chat", "message": "WebSocket: User test_user connecting"}
INFO:     127.0.0.1:55546 - "WebSocket /chat/global/ws?token=eyJhbGciOiJIUzI1NiIsInR5cCI6IkpXVCJ9.eyJzdWIiOiI5OTk5OTkiLCJleHAiOjE3ODM3OTY4MDIsImlhdCI6MTc4MTIwNDgwMn0.nH98ND6Jbzts7H12YLx27t0zZJUOwDbHXt-OpYIziCE" [accepted]
{"timestamp": "2026-06-11T20:28:39.808833+00:00", "level": "INFO", "logger": "chat", "message": "WebSocket: User test_user connected successfully"}
DEBUG:    > HTTP/1.1 101 Switching Protocols
DEBUG:    > Upgrade: websocket
DEBUG:    > Connection: Upgrade
DEBUG:    > Sec-WebSocket-Accept: Vv62WP3qDM5cfTtFjx+L03oojS8=
DEBUG:    > Sec-WebSocket-Extensions: permessage-deflate
DEBUG:    > date: Thu, 11 Jun 2026 20:28:39 GMT
DEBUG:    > server: uvicorn
INFO:     connection open
DEBUG:    = connection is OPEN
DEBUG:    = connection is CONNECTING
DEBUG:    < GET /chat/global/ws?token=eyJhbGciOiJIUzI1NiIsInR5cCI6IkpXVCJ9.eyJzdWIiOiI5OTk5OTkiLCJleHAiOjE3ODM3OTY4MDIsImlhdCI6MTc4MTIwNDgwMn0.nH98ND6Jbzts7H12YLx27t0zZJUOwDbHXt-OpYIziCE HTTP/1.1
DEBUG:    < host: localhost:8001
DEBUG:    < connection: Upgrade
DEBUG:    < pragma: no-cache
DEBUG:    < cache-control: no-cache
DEBUG:    < user-agent: Mozilla/5.0 (iPhone; CPU iPhone OS 18_5 like Mac OS X) AppleWebKit/605.1.15 (KHTML, like Gecko) Version/18.5 Mobile/15E148 Safari/604.1
DEBUG:    < upgrade: websocket
DEBUG:    < origin: http://localhost:5173
DEBUG:    < sec-websocket-version: 13
DEBUG:    < accept-encoding: gzip, deflate, br, zstd
DEBUG:    < accept-language: en-US,en;q=0.9,uz;q=0.8,ru;q=0.7
DEBUG:    < sec-websocket-key: CegDVQCfoRfPdvXkv8tJRw==
DEBUG:    < sec-websocket-extensions: permessage-deflate; client_max_window_bits
{"timestamp": "2026-06-11T20:28:39.831065+00:00", "level": "INFO", "logger": "chat", "message": "WebSocket: Token decoded for user 999999"}
DEBUG:    < CLOSE 1001 (going away) [2 bytes]
DEBUG:    = connection is CLOSING
DEBUG:    > CLOSE 1001 (going away) [2 bytes]
DEBUG:    x half-closing TCP connection
DEBUG:    = connection is CLOSED
{"timestamp": "2026-06-11T20:28:39.833659+00:00", "level": "INFO", "logger": "chat", "message": "WebSocket: User test_user disconnected normally"}
DEBUG:    = connection is CLOSED
INFO:     connection closed
{"timestamp": "2026-06-11T20:28:39.835543+00:00", "level": "INFO", "logger": "chat", "message": "WebSocket: User test_user connecting"}
INFO:     127.0.0.1:55552 - "WebSocket /chat/global/ws?token=eyJhbGciOiJIUzI1NiIsInR5cCI6IkpXVCJ9.eyJzdWIiOiI5OTk5OTkiLCJleHAiOjE3ODM3OTY4MDIsImlhdCI6MTc4MTIwNDgwMn0.nH98ND6Jbzts7H12YLx27t0zZJUOwDbHXt-OpYIziCE" [accepted]
{"timestamp": "2026-06-11T20:28:39.835801+00:00", "level": "INFO", "logger": "chat", "message": "WebSocket: User test_user connected successfully"}
{"timestamp": "2026-06-11T20:28:39.835865+00:00", "level": "INFO", "logger": "chat", "message": "WebSocket: User test_user disconnected normally"}
INFO:     connection closed
DEBUG:    = connection is CONNECTING
DEBUG:    < GET /chat/global/ws?token=eyJhbGciOiJIUzI1NiIsInR5cCI6IkpXVCJ9.eyJzdWIiOiI5OTk5OTkiLCJleHAiOjE3ODM3OTY4MDIsImlhdCI6MTc4MTIwNDgwMn0.nH98ND6Jbzts7H12YLx27t0zZJUOwDbHXt-OpYIziCE HTTP/1.1
DEBUG:    < host: localhost:8001
DEBUG:    < connection: Upgrade
DEBUG:    < pragma: no-cache
DEBUG:    < cache-control: no-cache
DEBUG:    < user-agent: Mozilla/5.0 (iPhone; CPU iPhone OS 18_5 like Mac OS X) AppleWebKit/605.1.15 (KHTML, like Gecko) Version/18.5 Mobile/15E148 Safari/604.1
DEBUG:    < upgrade: websocket
DEBUG:    < origin: http://localhost:5173
DEBUG:    < sec-websocket-version: 13
DEBUG:    < accept-encoding: gzip, deflate, br, zstd
DEBUG:    < accept-language: en-US,en;q=0.9,uz;q=0.8,ru;q=0.7
DEBUG:    < sec-websocket-key: OrkdwD6aEXWQfrbHcV3Frw==
DEBUG:    < sec-websocket-extensions: permessage-deflate; client_max_window_bits
{"timestamp": "2026-06-11T20:28:39.850170+00:00", "level": "INFO", "logger": "chat", "message": "WebSocket: Token decoded for user 999999"}
{"timestamp": "2026-06-11T20:28:39.850961+00:00", "level": "INFO", "logger": "chat", "message": "WebSocket: User test_user connecting"}
INFO:     127.0.0.1:55554 - "WebSocket /chat/global/ws?token=eyJhbGciOiJIUzI1NiIsInR5cCI6IkpXVCJ9.eyJzdWIiOiI5OTk5OTkiLCJleHAiOjE3ODM3OTY4MDIsImlhdCI6MTc4MTIwNDgwMn0.nH98ND6Jbzts7H12YLx27t0zZJUOwDbHXt-OpYIziCE" [accepted]
{"timestamp": "2026-06-11T20:28:39.851128+00:00", "level": "INFO", "logger": "chat", "message": "WebSocket: User test_user connected successfully"}
DEBUG:    > HTTP/1.1 101 Switching Protocols
DEBUG:    > Upgrade: websocket
DEBUG:    > Connection: Upgrade
DEBUG:    > Sec-WebSocket-Accept: QnkvfG5HLStMlr2nkEnKa+9dtfQ=
DEBUG:    > Sec-WebSocket-Extensions: permessage-deflate
DEBUG:    > date: Thu, 11 Jun 2026 20:28:39 GMT
DEBUG:    > server: uvicorn
INFO:     connection open
DEBUG:    = connection is OPEN
DEBUG:    < CLOSE 1005 (no status received [internal]) [0 bytes]
DEBUG:    = connection is CLOSING
DEBUG:    > CLOSE 1005 (no status received [internal]) [0 bytes]
DEBUG:    x half-closing TCP connection
DEBUG:    = connection is CLOSED
{"timestamp": "2026-06-11T20:28:40.857038+00:00", "level": "INFO", "logger": "chat", "message": "WebSocket: User test_user disconnected normally"}
INFO:     connection closed
DEBUG:    = connection is CONNECTING
DEBUG:    < GET /chat/global/ws?token=eyJhbGciOiJIUzI1NiIsInR5cCI6IkpXVCJ9.eyJzdWIiOiI5OTk5OTkiLCJleHAiOjE3ODM3OTY4MDIsImlhdCI6MTc4MTIwNDgwMn0.nH98ND6Jbzts7H12YLx27t0zZJUOwDbHXt-OpYIziCE HTTP/1.1
DEBUG:    < host: localhost:8001
DEBUG:    < connection: Upgrade
DEBUG:    < pragma: no-cache
DEBUG:    < cache-control: no-cache
DEBUG:    < user-agent: Mozilla/5.0 (iPhone; CPU iPhone OS 18_5 like Mac OS X) AppleWebKit/605.1.15 (KHTML, like Gecko) Version/18.5 Mobile/15E148 Safari/604.1
DEBUG:    < upgrade: websocket
DEBUG:    < origin: http://localhost:5173
DEBUG:    < sec-websocket-version: 13
DEBUG:    < accept-encoding: gzip, deflate, br, zstd
DEBUG:    < accept-language: en-US,en;q=0.9,uz;q=0.8,ru;q=0.7
DEBUG:    < sec-websocket-key: 8mY6uHDbm+dsUNPcWsM+gQ==
DEBUG:    < sec-websocket-extensions: permessage-deflate; client_max_window_bits
{"timestamp": "2026-06-11T20:28:43.865858+00:00", "level": "INFO", "logger": "chat", "message": "WebSocket: Token decoded for user 999999"}
{"timestamp": "2026-06-11T20:28:43.867269+00:00", "level": "INFO", "logger": "chat", "message": "WebSocket: User test_user connecting"}
INFO:     127.0.0.1:60890 - "WebSocket /chat/global/ws?token=eyJhbGciOiJIUzI1NiIsInR5cCI6IkpXVCJ9.eyJzdWIiOiI5OTk5OTkiLCJleHAiOjE3ODM3OTY4MDIsImlhdCI6MTc4MTIwNDgwMn0.nH98ND6Jbzts7H12YLx27t0zZJUOwDbHXt-OpYIziCE" [accepted]
{"timestamp": "2026-06-11T20:28:43.867807+00:00", "level": "INFO", "logger": "chat", "message": "WebSocket: User test_user connected successfully"}
DEBUG:    > HTTP/1.1 101 Switching Protocols
DEBUG:    > Upgrade: websocket
DEBUG:    > Connection: Upgrade
DEBUG:    > Sec-WebSocket-Accept: xOPRVPEd7dgTMNwjfDtoThDdxJE=
DEBUG:    > Sec-WebSocket-Extensions: permessage-deflate
DEBUG:    > date: Thu, 11 Jun 2026 20:28:43 GMT
DEBUG:    > server: uvicorn
INFO:     connection open
DEBUG:    = connection is OPEN
DEBUG:    % sending keepalive ping
DEBUG:    > PING 7b ce cf 03 [binary, 4 bytes]
DEBUG:    < PONG 7b ce cf 03 [binary, 4 bytes]
DEBUG:    % received keepalive pong
DEBUG:    < TEXT '{"type":"ping"}' [15 bytes]
DEBUG:    > TEXT '{"type":"pong"}' [15 bytes]
DEBUG:    % sending keepalive ping
DEBUG:    > PING 28 f3 08 e7 [binary, 4 bytes]
DEBUG:    < PONG 28 f3 08 e7 [binary, 4 bytes]
DEBUG:    % received keepalive pong
DEBUG:    % sending keepalive ping
DEBUG:    > PING 59 52 f1 89 [binary, 4 bytes]
DEBUG:    < PONG 59 52 f1 89 [binary, 4 bytes]
DEBUG:    % received keepalive pong
DEBUG:    < TEXT '{"type":"ping"}' [15 bytes]
DEBUG:    > TEXT '{"type":"pong"}' [15 bytes]
DEBUG:    % sending keepalive ping
DEBUG:    > PING ff ec b5 a6 [binary, 4 bytes]
DEBUG:    < PONG ff ec b5 a6 [binary, 4 bytes]
DEBUG:    % received keepalive pong
DEBUG:    < TEXT '{"type":"ping"}' [15 bytes]
DEBUG:    > TEXT '{"type":"pong"}' [15 bytes]
DEBUG:    % sending keepalive ping
DEBUG:    > PING 05 75 c1 14 [binary, 4 bytes]
DEBUG:    < PONG 05 75 c1 14 [binary, 4 bytes]
DEBUG:    % received keepalive pong
DEBUG:    % sending keepalive ping
DEBUG:    > PING 77 80 23 7d [binary, 4 bytes]
DEBUG:    < PONG 77 80 23 7d [binary, 4 bytes]
DEBUG:    % received keepalive pong
DEBUG:    < TEXT '{"type":"ping"}' [15 bytes]
DEBUG:    > TEXT '{"type":"pong"}' [15 bytes]
DEBUG:    < CLOSE 1001 (going away) [2 bytes]
DEBUG:    = connection is CLOSING
DEBUG:    > CLOSE 1001 (going away) [2 bytes]
DEBUG:    x half-closing TCP connection
DEBUG:    = connection is CLOSED
{"timestamp": "2026-06-11T20:30:57.978826+00:00", "level": "INFO", "logger": "chat", "message": "WebSocket: User test_user disconnected normally"}
INFO:     connection closed
DEBUG:    = connection is CONNECTING
DEBUG:    < GET /chat/global/ws?token=eyJhbGciOiJIUzI1NiIsInR5cCI6IkpXVCJ9.eyJzdWIiOiI5OTk5OTkiLCJleHAiOjE3ODM3OTY4MDIsImlhdCI6MTc4MTIwNDgwMn0.nH98ND6Jbzts7H12YLx27t0zZJUOwDbHXt-OpYIziCE HTTP/1.1
DEBUG:    < host: localhost:8001
DEBUG:    < connection: Upgrade
DEBUG:    < pragma: no-cache
DEBUG:    < cache-control: no-cache
DEBUG:    < user-agent: Mozilla/5.0 (iPhone; CPU iPhone OS 18_5 like Mac OS X) AppleWebKit/605.1.15 (KHTML, like Gecko) Version/18.5 Mobile/15E148 Safari/604.1
DEBUG:    < upgrade: websocket
DEBUG:    < origin: http://localhost:5173
DEBUG:    < sec-websocket-version: 13
DEBUG:    < accept-encoding: gzip, deflate, br, zstd
DEBUG:    < accept-language: en-US,en;q=0.9,uz;q=0.8,ru;q=0.7
DEBUG:    < sec-websocket-key: +s01uXaFfZJBtBUphzRB1A==
DEBUG:    < sec-websocket-extensions: permessage-deflate; client_max_window_bits
{"timestamp": "2026-06-11T20:30:59.503495+00:00", "level": "INFO", "logger": "chat", "message": "WebSocket: Token decoded for user 999999"}
{"timestamp": "2026-06-11T20:30:59.517941+00:00", "level": "INFO", "logger": "chat", "message": "WebSocket: User test_user connecting"}
INFO:     127.0.0.1:45590 - "WebSocket /chat/global/ws?token=eyJhbGciOiJIUzI1NiIsInR5cCI6IkpXVCJ9.eyJzdWIiOiI5OTk5OTkiLCJleHAiOjE3ODM3OTY4MDIsImlhdCI6MTc4MTIwNDgwMn0.nH98ND6Jbzts7H12YLx27t0zZJUOwDbHXt-OpYIziCE" [accepted]
{"timestamp": "2026-06-11T20:30:59.522987+00:00", "level": "INFO", "logger": "chat", "message": "WebSocket: User test_user connected successfully"}
DEBUG:    > HTTP/1.1 101 Switching Protocols
DEBUG:    > Upgrade: websocket
DEBUG:    > Connection: Upgrade
DEBUG:    > Sec-WebSocket-Accept: JaAasNCRAhQ49FL6dDjLGolVi9k=
DEBUG:    > Sec-WebSocket-Extensions: permessage-deflate
DEBUG:    > date: Thu, 11 Jun 2026 20:30:59 GMT
DEBUG:    > server: uvicorn
INFO:     connection open
DEBUG:    = connection is OPEN
DEBUG:    < CLOSE 1001 (going away) [2 bytes]
DEBUG:    = connection is CLOSING
DEBUG:    > CLOSE 1001 (going away) [2 bytes]
DEBUG:    x half-closing TCP connection
DEBUG:    = connection is CLOSED
{"timestamp": "2026-06-11T20:30:59.543731+00:00", "level": "INFO", "logger": "chat", "message": "WebSocket: User test_user disconnected normally"}
INFO:     connection closed
DEBUG:    = connection is CONNECTING
DEBUG:    < GET /chat/global/ws?token=eyJhbGciOiJIUzI1NiIsInR5cCI6IkpXVCJ9.eyJzdWIiOiI5OTk5OTkiLCJleHAiOjE3ODM3OTY4MDIsImlhdCI6MTc4MTIwNDgwMn0.nH98ND6Jbzts7H12YLx27t0zZJUOwDbHXt-OpYIziCE HTTP/1.1
DEBUG:    < host: localhost:8001
DEBUG:    < connection: Upgrade
DEBUG:    < pragma: no-cache
DEBUG:    < cache-control: no-cache
DEBUG:    < user-agent: Mozilla/5.0 (iPhone; CPU iPhone OS 18_5 like Mac OS X) AppleWebKit/605.1.15 (KHTML, like Gecko) Version/18.5 Mobile/15E148 Safari/604.1
DEBUG:    < upgrade: websocket
DEBUG:    < origin: http://localhost:5173
DEBUG:    < sec-websocket-version: 13
DEBUG:    < accept-encoding: gzip, deflate, br, zstd
DEBUG:    < accept-language: en-US,en;q=0.9,uz;q=0.8,ru;q=0.7
DEBUG:    < sec-websocket-key: Y2jdGrQHaURi6q5CLGoGAQ==
DEBUG:    < sec-websocket-extensions: permessage-deflate; client_max_window_bits
{"timestamp": "2026-06-11T20:30:59.556868+00:00", "level": "INFO", "logger": "chat", "message": "WebSocket: Token decoded for user 999999"}
{"timestamp": "2026-06-11T20:30:59.560119+00:00", "level": "INFO", "logger": "chat", "message": "WebSocket: User test_user connecting"}
INFO:     127.0.0.1:45606 - "WebSocket /chat/global/ws?token=eyJhbGciOiJIUzI1NiIsInR5cCI6IkpXVCJ9.eyJzdWIiOiI5OTk5OTkiLCJleHAiOjE3ODM3OTY4MDIsImlhdCI6MTc4MTIwNDgwMn0.nH98ND6Jbzts7H12YLx27t0zZJUOwDbHXt-OpYIziCE" [accepted]
{"timestamp": "2026-06-11T20:30:59.560326+00:00", "level": "INFO", "logger": "chat", "message": "WebSocket: User test_user connected successfully"}
DEBUG:    > HTTP/1.1 101 Switching Protocols
DEBUG:    > Upgrade: websocket
DEBUG:    > Connection: Upgrade
DEBUG:    > Sec-WebSocket-Accept: NdvHos0BlF41JhffRN2J6sOqkuM=
DEBUG:    > Sec-WebSocket-Extensions: permessage-deflate
DEBUG:    > date: Thu, 11 Jun 2026 20:30:59 GMT
DEBUG:    > server: uvicorn
INFO:     connection open
DEBUG:    = connection is OPEN
DEBUG:    = connection is CONNECTING
DEBUG:    < GET /chat/global/ws?token=eyJhbGciOiJIUzI1NiIsInR5cCI6IkpXVCJ9.eyJzdWIiOiI5OTk5OTkiLCJleHAiOjE3ODM3OTY4MDIsImlhdCI6MTc4MTIwNDgwMn0.nH98ND6Jbzts7H12YLx27t0zZJUOwDbHXt-OpYIziCE HTTP/1.1
DEBUG:    < host: localhost:8001
DEBUG:    < connection: Upgrade
DEBUG:    < pragma: no-cache
DEBUG:    < cache-control: no-cache
DEBUG:    < user-agent: Mozilla/5.0 (iPhone; CPU iPhone OS 18_5 like Mac OS X) AppleWebKit/605.1.15 (KHTML, like Gecko) Version/18.5 Mobile/15E148 Safari/604.1
DEBUG:    < upgrade: websocket
DEBUG:    < origin: http://localhost:5173
DEBUG:    < sec-websocket-version: 13
DEBUG:    < accept-encoding: gzip, deflate, br, zstd
DEBUG:    < accept-language: en-US,en;q=0.9,uz;q=0.8,ru;q=0.7
DEBUG:    < sec-websocket-key: j7qTLztjHX213c4A+Xd4ng==
DEBUG:    < sec-websocket-extensions: permessage-deflate; client_max_window_bits
{"timestamp": "2026-06-11T20:30:59.666598+00:00", "level": "INFO", "logger": "chat", "message": "WebSocket: Token decoded for user 999999"}
{"timestamp": "2026-06-11T20:30:59.668041+00:00", "level": "INFO", "logger": "chat", "message": "WebSocket: User test_user connecting"}
INFO:     127.0.0.1:45618 - "WebSocket /chat/global/ws?token=eyJhbGciOiJIUzI1NiIsInR5cCI6IkpXVCJ9.eyJzdWIiOiI5OTk5OTkiLCJleHAiOjE3ODM3OTY4MDIsImlhdCI6MTc4MTIwNDgwMn0.nH98ND6Jbzts7H12YLx27t0zZJUOwDbHXt-OpYIziCE" [accepted]
{"timestamp": "2026-06-11T20:30:59.668844+00:00", "level": "INFO", "logger": "chat", "message": "WebSocket: User test_user connected successfully"}
DEBUG:    > HTTP/1.1 101 Switching Protocols
DEBUG:    > Upgrade: websocket
DEBUG:    > Connection: Upgrade
DEBUG:    > Sec-WebSocket-Accept: j/yi8NBC/qYJY52eKremwF/R/Bc=
DEBUG:    > Sec-WebSocket-Extensions: permessage-deflate
DEBUG:    > date: Thu, 11 Jun 2026 20:30:59 GMT
DEBUG:    > server: uvicorn
INFO:     connection open
DEBUG:    = connection is OPEN
DEBUG:    < CLOSE 1001 (going away) [2 bytes]
DEBUG:    = connection is CLOSING
DEBUG:    > CLOSE 1001 (going away) [2 bytes]
DEBUG:    x half-closing TCP connection
DEBUG:    = connection is CLOSED
{"timestamp": "2026-06-11T20:30:59.685565+00:00", "level": "INFO", "logger": "chat", "message": "WebSocket: User test_user disconnected normally"}
INFO:     connection closed
DEBUG:    < CLOSE 1001 (going away) [2 bytes]
DEBUG:    = connection is CLOSING
DEBUG:    > CLOSE 1001 (going away) [2 bytes]
DEBUG:    x half-closing TCP connection
DEBUG:    = connection is CLOSED
DEBUG:    = connection is CONNECTING
{"timestamp": "2026-06-11T20:30:59.689257+00:00", "level": "INFO", "logger": "chat", "message": "WebSocket: User test_user disconnected normally"}
DEBUG:    < GET /chat/global/ws?token=eyJhbGciOiJIUzI1NiIsInR5cCI6IkpXVCJ9.eyJzdWIiOiI5OTk5OTkiLCJleHAiOjE3ODM3OTY4MDIsImlhdCI6MTc4MTIwNDgwMn0.nH98ND6Jbzts7H12YLx27t0zZJUOwDbHXt-OpYIziCE HTTP/1.1
DEBUG:    < host: localhost:8001
DEBUG:    < connection: Upgrade
DEBUG:    < pragma: no-cache
DEBUG:    < cache-control: no-cache
DEBUG:    < user-agent: Mozilla/5.0 (iPhone; CPU iPhone OS 18_5 like Mac OS X) AppleWebKit/605.1.15 (KHTML, like Gecko) Version/18.5 Mobile/15E148 Safari/604.1
DEBUG:    < upgrade: websocket
DEBUG:    < origin: http://localhost:5173
DEBUG:    < sec-websocket-version: 13
DEBUG:    < accept-encoding: gzip, deflate, br, zstd
DEBUG:    < accept-language: en-US,en;q=0.9,uz;q=0.8,ru;q=0.7
DEBUG:    < sec-websocket-key: HJRmRhsX2mZnVB2Ffj48RA==
DEBUG:    < sec-websocket-extensions: permessage-deflate; client_max_window_bits
{"timestamp": "2026-06-11T20:30:59.691179+00:00", "level": "INFO", "logger": "chat", "message": "WebSocket: Token decoded for user 999999"}
INFO:     connection closed
{"timestamp": "2026-06-11T20:30:59.693532+00:00", "level": "INFO", "logger": "chat", "message": "WebSocket: User test_user connecting"}
INFO:     127.0.0.1:45622 - "WebSocket /chat/global/ws?token=eyJhbGciOiJIUzI1NiIsInR5cCI6IkpXVCJ9.eyJzdWIiOiI5OTk5OTkiLCJleHAiOjE3ODM3OTY4MDIsImlhdCI6MTc4MTIwNDgwMn0.nH98ND6Jbzts7H12YLx27t0zZJUOwDbHXt-OpYIziCE" [accepted]
{"timestamp": "2026-06-11T20:30:59.693983+00:00", "level": "INFO", "logger": "chat", "message": "WebSocket: User test_user connected successfully"}
DEBUG:    > HTTP/1.1 101 Switching Protocols
DEBUG:    > Upgrade: websocket
DEBUG:    > Connection: Upgrade
DEBUG:    > Sec-WebSocket-Accept: sKlJp4X6SYVLinXmVOSjXUBWY4w=
DEBUG:    > Sec-WebSocket-Extensions: permessage-deflate
DEBUG:    > date: Thu, 11 Jun 2026 20:30:59 GMT
DEBUG:    > server: uvicorn
INFO:     connection open
DEBUG:    = connection is OPEN
DEBUG:    < CLOSE 1005 (no status received [internal]) [0 bytes]
DEBUG:    = connection is CLOSING
DEBUG:    > CLOSE 1005 (no status received [internal]) [0 bytes]
DEBUG:    x half-closing TCP connection
DEBUG:    = connection is CLOSED
{"timestamp": "2026-06-11T20:31:00.244879+00:00", "level": "INFO", "logger": "chat", "message": "WebSocket: User test_user disconnected normally"}
INFO:     connection closed
DEBUG:    = connection is CONNECTING
DEBUG:    < GET /chat/global/ws?token=eyJhbGciOiJIUzI1NiIsInR5cCI6IkpXVCJ9.eyJzdWIiOiI5OTk5OTkiLCJleHAiOjE3ODM3OTY4MDIsImlhdCI6MTc4MTIwNDgwMn0.nH98ND6Jbzts7H12YLx27t0zZJUOwDbHXt-OpYIziCE HTTP/1.1
DEBUG:    < host: localhost:8001
DEBUG:    < connection: Upgrade
DEBUG:    < pragma: no-cache
DEBUG:    < cache-control: no-cache
DEBUG:    < user-agent: Mozilla/5.0 (iPhone; CPU iPhone OS 18_5 like Mac OS X) AppleWebKit/605.1.15 (KHTML, like Gecko) Version/18.5 Mobile/15E148 Safari/604.1
DEBUG:    < upgrade: websocket
DEBUG:    < origin: http://localhost:5173
DEBUG:    < sec-websocket-version: 13
DEBUG:    < accept-encoding: gzip, deflate, br, zstd
DEBUG:    < accept-language: en-US,en;q=0.9,uz;q=0.8,ru;q=0.7
DEBUG:    < sec-websocket-key: 3AXWnpkJhJvuWWD2l8ZidQ==
DEBUG:    < sec-websocket-extensions: permessage-deflate; client_max_window_bits
{"timestamp": "2026-06-11T20:31:03.264569+00:00", "level": "INFO", "logger": "chat", "message": "WebSocket: Token decoded for user 999999"}
{"timestamp": "2026-06-11T20:31:03.265990+00:00", "level": "INFO", "logger": "chat", "message": "WebSocket: User test_user connecting"}
INFO:     127.0.0.1:35402 - "WebSocket /chat/global/ws?token=eyJhbGciOiJIUzI1NiIsInR5cCI6IkpXVCJ9.eyJzdWIiOiI5OTk5OTkiLCJleHAiOjE3ODM3OTY4MDIsImlhdCI6MTc4MTIwNDgwMn0.nH98ND6Jbzts7H12YLx27t0zZJUOwDbHXt-OpYIziCE" [accepted]
{"timestamp": "2026-06-11T20:31:03.266439+00:00", "level": "INFO", "logger": "chat", "message": "WebSocket: User test_user connected successfully"}
DEBUG:    > HTTP/1.1 101 Switching Protocols
DEBUG:    > Upgrade: websocket
DEBUG:    > Connection: Upgrade
DEBUG:    > Sec-WebSocket-Accept: 9P2qqNRezfCmKciWE1rqAUY3QR4=
DEBUG:    > Sec-WebSocket-Extensions: permessage-deflate
DEBUG:    > date: Thu, 11 Jun 2026 20:31:02 GMT
DEBUG:    > server: uvicorn
INFO:     connection open
DEBUG:    = connection is OPEN
DEBUG:    % sending keepalive ping
DEBUG:    > PING c5 00 11 d4 [binary, 4 bytes]
DEBUG:    < PONG c5 00 11 d4 [binary, 4 bytes]
DEBUG:    % received keepalive pong
DEBUG:    < TEXT '{"type":"ping"}' [15 bytes]
DEBUG:    > TEXT '{"type":"pong"}' [15 bytes]
DEBUG:    % sending keepalive ping
DEBUG:    > PING 40 aa 88 ab [binary, 4 bytes]
DEBUG:    < PONG 40 aa 88 ab [binary, 4 bytes]
DEBUG:    % received keepalive pong
DEBUG:    % sending keepalive ping
DEBUG:    > PING f7 8c 72 7e [binary, 4 bytes]
DEBUG:    < PONG f7 8c 72 7e [binary, 4 bytes]
DEBUG:    % received keepalive pong
DEBUG:    < TEXT '{"type":"ping"}' [15 bytes]
DEBUG:    > TEXT '{"type":"pong"}' [15 bytes]
DEBUG:    % sending keepalive ping
DEBUG:    > PING 44 ae 19 d0 [binary, 4 bytes]
DEBUG:    < PONG 44 ae 19 d0 [binary, 4 bytes]
DEBUG:    % received keepalive pong
DEBUG:    < TEXT '{"type":"ping"}' [15 bytes]
DEBUG:    > TEXT '{"type":"pong"}' [15 bytes]
DEBUG:    % sending keepalive ping
DEBUG:    > PING ec dd 58 ed [binary, 4 bytes]
DEBUG:    < PONG ec dd 58 ed [binary, 4 bytes]
DEBUG:    % received keepalive pong
DEBUG:    < TEXT '{"type":"ping"}' [15 bytes]
DEBUG:    > TEXT '{"type":"pong"}' [15 bytes]
DEBUG:    % sending keepalive ping
DEBUG:    > PING 64 75 88 7d [binary, 4 bytes]
DEBUG:    < PONG 64 75 88 7d [binary, 4 bytes]
DEBUG:    % received keepalive pong
DEBUG:    % sending keepalive ping
DEBUG:    > PING '=]\x01\x0c' [text, 4 bytes]
DEBUG:    < PONG '=]\x01\x0c' [text, 4 bytes]
DEBUG:    % received keepalive pong
DEBUG:    < TEXT '{"type":"ping"}' [15 bytes]
DEBUG:    > TEXT '{"type":"pong"}' [15 bytes]
DEBUG:    % sending keepalive ping
DEBUG:    > PING 64 16 dc cd [binary, 4 bytes]
DEBUG:    < PONG 64 16 dc cd [binary, 4 bytes]
DEBUG:    % received keepalive pong
DEBUG:    < TEXT '{"type":"ping"}' [15 bytes]
DEBUG:    > TEXT '{"type":"pong"}' [15 bytes]
DEBUG:    % sending keepalive ping
DEBUG:    > PING f6 e4 b6 a5 [binary, 4 bytes]
DEBUG:    < PONG f6 e4 b6 a5 [binary, 4 bytes]
DEBUG:    % received keepalive pong
DEBUG:    < CLOSE 1001 (going away) [2 bytes]
DEBUG:    = connection is CLOSING
DEBUG:    > CLOSE 1001 (going away) [2 bytes]
DEBUG:    x half-closing TCP connection
DEBUG:    = connection is CLOSED
{"timestamp": "2026-06-11T20:34:15.437172+00:00", "level": "INFO", "logger": "chat", "message": "WebSocket: User test_user disconnected normally"}
INFO:     connection closed
INFO:     Shutting down
INFO:     Waiting for application shutdown.
{"timestamp": "2026-06-11T20:34:51.372446+00:00", "level": "INFO", "logger": "app", "message": "Shutting down..."}
{"timestamp": "2026-06-11T20:34:51.372796+00:00", "level": "INFO", "logger": "database", "message": "Database disconnected"}
{"timestamp": "2026-06-11T20:34:51.372843+00:00", "level": "INFO", "logger": "app", "message": "Shutdown complete"}
INFO:     Application shutdown complete.
INFO:     Finished server process [31860]
